[2023-09-06T22:36:10.653-0300] {taskinstance.py:1159} INFO - Dependencies all met for dep_context=non-requeueable deps ti=<TaskInstance: streamings-dag.data_management manual__2023-09-07T01:30:29.624226+00:00 [queued]>
[2023-09-06T22:36:10.657-0300] {taskinstance.py:1159} INFO - Dependencies all met for dep_context=requeueable deps ti=<TaskInstance: streamings-dag.data_management manual__2023-09-07T01:30:29.624226+00:00 [queued]>
[2023-09-06T22:36:10.657-0300] {taskinstance.py:1361} INFO - Starting attempt 1 of 3
[2023-09-06T22:36:10.671-0300] {taskinstance.py:1382} INFO - Executing <Task(BashOperator): data_management> on 2023-09-07 01:30:29.624226+00:00
[2023-09-06T22:36:10.674-0300] {standard_task_runner.py:57} INFO - Started process 19786 to run task
[2023-09-06T22:36:10.680-0300] {standard_task_runner.py:84} INFO - Running: ['airflow', 'tasks', 'run', 'streamings-dag', 'data_management', 'manual__2023-09-07T01:30:29.624226+00:00', '--job-id', '16', '--raw', '--subdir', 'DAGS_FOLDER/streamings-dag.py', '--cfg-path', '/tmp/tmpxk7xpblr']
[2023-09-06T22:36:10.682-0300] {standard_task_runner.py:85} INFO - Job 16: Subtask data_management
[2023-09-06T22:36:10.731-0300] {task_command.py:415} INFO - Running <TaskInstance: streamings-dag.data_management manual__2023-09-07T01:30:29.624226+00:00 [running]> on host dany.
[2023-09-06T22:36:10.791-0300] {taskinstance.py:1660} INFO - Exporting env vars: AIRFLOW_CTX_DAG_EMAIL='danielbcuadros@gmail.com' AIRFLOW_CTX_DAG_OWNER='airflow' AIRFLOW_CTX_DAG_ID='streamings-dag' AIRFLOW_CTX_TASK_ID='data_management' AIRFLOW_CTX_EXECUTION_DATE='2023-09-07T01:30:29.624226+00:00' AIRFLOW_CTX_TRY_NUMBER='1' AIRFLOW_CTX_DAG_RUN_ID='manual__2023-09-07T01:30:29.624226+00:00'
[2023-09-06T22:36:10.792-0300] {subprocess.py:63} INFO - Tmp dir root location: /tmp
[2023-09-06T22:36:10.793-0300] {subprocess.py:75} INFO - Running command: ['/usr/bin/bash', '-c', '/home/dany/airflow/dags/../../Streaming-insights/venv/bin/python /home/dany/airflow/dags/../../Streaming-insights/etls/data-management.py']
[2023-09-06T22:36:10.797-0300] {subprocess.py:86} INFO - Output:
[2023-09-06T22:36:16.432-0300] {subprocess.py:93} INFO - The Disney Plus json file was imported successfully!
[2023-09-06T22:36:16.433-0300] {subprocess.py:93} INFO - Disney Plus data extracted successfully!
[2023-09-06T22:36:16.433-0300] {subprocess.py:93} INFO - The Netflix json file was imported successfully!
[2023-09-06T22:36:16.433-0300] {subprocess.py:93} INFO - Netflix data extracted successfully!
[2023-09-06T22:36:16.433-0300] {subprocess.py:93} INFO - The HBO Max json file was imported successfully!
[2023-09-06T22:36:16.433-0300] {subprocess.py:93} INFO - HBO Max data extracted successfully!
[2023-09-06T22:36:16.433-0300] {subprocess.py:93} INFO - The Amazon Prime json file was imported successfully!
[2023-09-06T22:36:16.433-0300] {subprocess.py:93} INFO - Amazon Prime data extracted successfully!
[2023-09-06T22:36:16.433-0300] {subprocess.py:93} INFO - The Prime Video json file was imported successfully!
[2023-09-06T22:36:16.433-0300] {subprocess.py:93} INFO - Prime Video data extracted successfully!
[2023-09-06T22:36:16.433-0300] {subprocess.py:93} INFO - The Apple TV json file was imported successfully!
[2023-09-06T22:36:16.433-0300] {subprocess.py:93} INFO - Apple TV data extracted successfully!
[2023-09-06T22:36:16.433-0300] {subprocess.py:93} INFO - The Globoplay json file was imported successfully!
[2023-09-06T22:36:16.433-0300] {subprocess.py:93} INFO - Globoplay data extracted successfully!
[2023-09-06T22:36:16.433-0300] {subprocess.py:93} INFO - The Star Plus json file was imported successfully!
[2023-09-06T22:36:16.434-0300] {subprocess.py:93} INFO - Star Plus data extracted successfully!
[2023-09-06T22:36:16.434-0300] {subprocess.py:93} INFO - Delta processing concluded!
[2023-09-06T22:36:16.434-0300] {subprocess.py:93} INFO - New tweets were added!
[2023-09-06T22:36:16.599-0300] {subprocess.py:97} INFO - Command exited with return code 0
[2023-09-06T22:36:16.629-0300] {taskinstance.py:1400} INFO - Marking task as SUCCESS. dag_id=streamings-dag, task_id=data_management, execution_date=20230907T013029, start_date=20230907T013610, end_date=20230907T013616
[2023-09-06T22:36:16.659-0300] {local_task_job_runner.py:228} INFO - Task exited with return code 0
[2023-09-06T22:36:16.672-0300] {taskinstance.py:2784} INFO - 0 downstream tasks scheduled from follow-on schedule check
