[2023-09-06T22:30:31.870-0300] {taskinstance.py:1159} INFO - Dependencies all met for dep_context=non-requeueable deps ti=<TaskInstance: streamings-dag.twitter_crawler manual__2023-09-07T01:30:29.624226+00:00 [queued]>
[2023-09-06T22:30:31.878-0300] {taskinstance.py:1159} INFO - Dependencies all met for dep_context=requeueable deps ti=<TaskInstance: streamings-dag.twitter_crawler manual__2023-09-07T01:30:29.624226+00:00 [queued]>
[2023-09-06T22:30:31.878-0300] {taskinstance.py:1361} INFO - Starting attempt 1 of 3
[2023-09-06T22:30:31.899-0300] {taskinstance.py:1382} INFO - Executing <Task(BashOperator): twitter_crawler> on 2023-09-07 01:30:29.624226+00:00
[2023-09-06T22:30:31.901-0300] {standard_task_runner.py:57} INFO - Started process 17719 to run task
[2023-09-06T22:30:31.904-0300] {standard_task_runner.py:84} INFO - Running: ['airflow', 'tasks', 'run', 'streamings-dag', 'twitter_crawler', 'manual__2023-09-07T01:30:29.624226+00:00', '--job-id', '15', '--raw', '--subdir', 'DAGS_FOLDER/streamings-dag.py', '--cfg-path', '/tmp/tmpbrrb0kqf']
[2023-09-06T22:30:31.905-0300] {standard_task_runner.py:85} INFO - Job 15: Subtask twitter_crawler
[2023-09-06T22:30:31.948-0300] {task_command.py:415} INFO - Running <TaskInstance: streamings-dag.twitter_crawler manual__2023-09-07T01:30:29.624226+00:00 [running]> on host dany.
[2023-09-06T22:30:32.014-0300] {taskinstance.py:1660} INFO - Exporting env vars: AIRFLOW_CTX_DAG_EMAIL='danielbcuadros@gmail.com' AIRFLOW_CTX_DAG_OWNER='airflow' AIRFLOW_CTX_DAG_ID='streamings-dag' AIRFLOW_CTX_TASK_ID='twitter_crawler' AIRFLOW_CTX_EXECUTION_DATE='2023-09-07T01:30:29.624226+00:00' AIRFLOW_CTX_TRY_NUMBER='1' AIRFLOW_CTX_DAG_RUN_ID='manual__2023-09-07T01:30:29.624226+00:00'
[2023-09-06T22:30:32.015-0300] {subprocess.py:63} INFO - Tmp dir root location: /tmp
[2023-09-06T22:30:32.015-0300] {subprocess.py:75} INFO - Running command: ['/usr/bin/bash', '-c', '/home/dany/airflow/dags/../../Streaming-insights/venv/bin/python /home/dany/airflow/dags/../../Streaming-insights/etls/twitter-crawler.py']
[2023-09-06T22:30:32.019-0300] {subprocess.py:86} INFO - Output:
[2023-09-06T22:36:07.752-0300] {subprocess.py:93} INFO - 40
[2023-09-06T22:36:07.764-0300] {subprocess.py:93} INFO - 52
[2023-09-06T22:36:07.764-0300] {subprocess.py:93} INFO - 64
[2023-09-06T22:36:07.764-0300] {subprocess.py:93} INFO - Disney Plus concluído com sucesso!
[2023-09-06T22:36:07.764-0300] {subprocess.py:93} INFO - 33
[2023-09-06T22:36:07.764-0300] {subprocess.py:93} INFO - 60
[2023-09-06T22:36:07.764-0300] {subprocess.py:93} INFO - 86
[2023-09-06T22:36:07.765-0300] {subprocess.py:93} INFO - 111
[2023-09-06T22:36:07.765-0300] {subprocess.py:93} INFO - 138
[2023-09-06T22:36:07.765-0300] {subprocess.py:93} INFO - 165
[2023-09-06T22:36:07.765-0300] {subprocess.py:93} INFO - 192
[2023-09-06T22:36:07.765-0300] {subprocess.py:93} INFO - 221
[2023-09-06T22:36:07.765-0300] {subprocess.py:93} INFO - 250
[2023-09-06T22:36:07.765-0300] {subprocess.py:93} INFO - 277
[2023-09-06T22:36:07.765-0300] {subprocess.py:93} INFO - 303
[2023-09-06T22:36:07.766-0300] {subprocess.py:93} INFO - 330
[2023-09-06T22:36:07.766-0300] {subprocess.py:93} INFO - 358
[2023-09-06T22:36:07.766-0300] {subprocess.py:93} INFO - 385
[2023-09-06T22:36:07.766-0300] {subprocess.py:93} INFO - 409
[2023-09-06T22:36:07.766-0300] {subprocess.py:93} INFO - Netflix concluído com sucesso!
[2023-09-06T22:36:07.766-0300] {subprocess.py:93} INFO - 31
[2023-09-06T22:36:07.766-0300] {subprocess.py:93} INFO - 49
[2023-09-06T22:36:07.766-0300] {subprocess.py:93} INFO - 62
[2023-09-06T22:36:07.766-0300] {subprocess.py:93} INFO - HBO Max concluído com sucesso!
[2023-09-06T22:36:07.767-0300] {subprocess.py:93} INFO - 21
[2023-09-06T22:36:07.767-0300] {subprocess.py:93} INFO - 34
[2023-09-06T22:36:07.767-0300] {subprocess.py:93} INFO - Amazon Prime concluído com sucesso!
[2023-09-06T22:36:07.767-0300] {subprocess.py:93} INFO - 33
[2023-09-06T22:36:07.767-0300] {subprocess.py:93} INFO - 56
[2023-09-06T22:36:07.767-0300] {subprocess.py:93} INFO - 74
[2023-09-06T22:36:07.767-0300] {subprocess.py:93} INFO - 88
[2023-09-06T22:36:07.767-0300] {subprocess.py:93} INFO - Prime Video concluído com sucesso!
[2023-09-06T22:36:07.767-0300] {subprocess.py:93} INFO - 20
[2023-09-06T22:36:07.767-0300] {subprocess.py:93} INFO - 33
[2023-09-06T22:36:07.767-0300] {subprocess.py:93} INFO - Apple TV concluído com sucesso!
[2023-09-06T22:36:07.767-0300] {subprocess.py:93} INFO - 32
[2023-09-06T22:36:07.768-0300] {subprocess.py:93} INFO - 57
[2023-09-06T22:36:07.768-0300] {subprocess.py:93} INFO - 83
[2023-09-06T22:36:07.768-0300] {subprocess.py:93} INFO - 96
[2023-09-06T22:36:07.768-0300] {subprocess.py:93} INFO - Globoplay concluído com sucesso!
[2023-09-06T22:36:07.768-0300] {subprocess.py:93} INFO - 20
[2023-09-06T22:36:07.768-0300] {subprocess.py:93} INFO - 32
[2023-09-06T22:36:07.768-0300] {subprocess.py:93} INFO - Star Plus concluído com sucesso!
[2023-09-06T22:36:07.768-0300] {subprocess.py:93} INFO - Páginas html exportadas com sucesso!
[2023-09-06T22:36:07.785-0300] {subprocess.py:97} INFO - Command exited with return code 0
[2023-09-06T22:36:07.887-0300] {taskinstance.py:1400} INFO - Marking task as SUCCESS. dag_id=streamings-dag, task_id=twitter_crawler, execution_date=20230907T013029, start_date=20230907T013031, end_date=20230907T013607
[2023-09-06T22:36:07.959-0300] {local_task_job_runner.py:228} INFO - Task exited with return code 0
[2023-09-06T22:36:08.016-0300] {taskinstance.py:2784} INFO - 1 downstream tasks scheduled from follow-on schedule check
