[2023-09-06T18:50:01.298-0300] {processor.py:157} INFO - Started process (PID=970) to work on /home/dany/teste/venv/lib/python3.10/site-packages/airflow/example_dags/example_xcomargs.py
[2023-09-06T18:50:01.298-0300] {processor.py:829} INFO - Processing file /home/dany/teste/venv/lib/python3.10/site-packages/airflow/example_dags/example_xcomargs.py for tasks to queue
[2023-09-06T18:50:01.299-0300] {logging_mixin.py:151} INFO - [2023-09-06T18:50:01.299-0300] {dagbag.py:539} INFO - Filling up the DagBag from /home/dany/teste/venv/lib/python3.10/site-packages/airflow/example_dags/example_xcomargs.py
[2023-09-06T18:50:01.310-0300] {processor.py:839} INFO - DAG(s) dict_keys(['example_xcom_args_with_operators', 'example_xcom_args']) retrieved from /home/dany/teste/venv/lib/python3.10/site-packages/airflow/example_dags/example_xcomargs.py
[2023-09-06T18:50:01.512-0300] {logging_mixin.py:151} INFO - [2023-09-06T18:50:01.511-0300] {manager.py:501} INFO - Created Permission View: can read on DAG:example_xcom_args_with_operators
[2023-09-06T18:50:01.526-0300] {logging_mixin.py:151} INFO - [2023-09-06T18:50:01.526-0300] {manager.py:501} INFO - Created Permission View: can delete on DAG:example_xcom_args_with_operators
[2023-09-06T18:50:01.538-0300] {logging_mixin.py:151} INFO - [2023-09-06T18:50:01.538-0300] {manager.py:501} INFO - Created Permission View: can edit on DAG:example_xcom_args_with_operators
[2023-09-06T18:50:01.608-0300] {logging_mixin.py:151} INFO - [2023-09-06T18:50:01.608-0300] {manager.py:501} INFO - Created Permission View: can read on DAG:example_xcom_args
[2023-09-06T18:50:01.621-0300] {logging_mixin.py:151} INFO - [2023-09-06T18:50:01.621-0300] {manager.py:501} INFO - Created Permission View: can delete on DAG:example_xcom_args
[2023-09-06T18:50:01.634-0300] {logging_mixin.py:151} INFO - [2023-09-06T18:50:01.634-0300] {manager.py:501} INFO - Created Permission View: can edit on DAG:example_xcom_args
[2023-09-06T18:50:01.640-0300] {logging_mixin.py:151} INFO - [2023-09-06T18:50:01.640-0300] {dag.py:2907} INFO - Sync 2 DAGs
[2023-09-06T18:50:01.651-0300] {logging_mixin.py:151} INFO - [2023-09-06T18:50:01.650-0300] {dag.py:2929} INFO - Creating ORM DAG for example_xcom_args_with_operators
[2023-09-06T18:50:01.651-0300] {logging_mixin.py:151} INFO - [2023-09-06T18:50:01.651-0300] {dag.py:2929} INFO - Creating ORM DAG for example_xcom_args
[2023-09-06T18:50:01.652-0300] {logging_mixin.py:151} INFO - [2023-09-06T18:50:01.652-0300] {dag.py:3677} INFO - Setting next_dagrun for example_xcom_args to None, run_after=None
[2023-09-06T18:50:01.653-0300] {logging_mixin.py:151} INFO - [2023-09-06T18:50:01.653-0300] {dag.py:3677} INFO - Setting next_dagrun for example_xcom_args_with_operators to None, run_after=None
[2023-09-06T18:50:01.713-0300] {processor.py:179} INFO - Processing /home/dany/teste/venv/lib/python3.10/site-packages/airflow/example_dags/example_xcomargs.py took 0.417 seconds
[2023-09-06T18:50:57.026-0300] {processor.py:157} INFO - Started process (PID=1069) to work on /home/dany/teste/venv/lib/python3.10/site-packages/airflow/example_dags/example_xcomargs.py
[2023-09-06T18:50:57.027-0300] {processor.py:829} INFO - Processing file /home/dany/teste/venv/lib/python3.10/site-packages/airflow/example_dags/example_xcomargs.py for tasks to queue
[2023-09-06T18:50:57.028-0300] {logging_mixin.py:151} INFO - [2023-09-06T18:50:57.027-0300] {dagbag.py:539} INFO - Filling up the DagBag from /home/dany/teste/venv/lib/python3.10/site-packages/airflow/example_dags/example_xcomargs.py
[2023-09-06T18:50:57.036-0300] {processor.py:839} INFO - DAG(s) dict_keys(['example_xcom_args_with_operators', 'example_xcom_args']) retrieved from /home/dany/teste/venv/lib/python3.10/site-packages/airflow/example_dags/example_xcomargs.py
[2023-09-06T18:50:57.056-0300] {logging_mixin.py:151} INFO - [2023-09-06T18:50:57.056-0300] {dag.py:2907} INFO - Sync 2 DAGs
[2023-09-06T18:50:57.068-0300] {logging_mixin.py:151} INFO - [2023-09-06T18:50:57.068-0300] {dag.py:3677} INFO - Setting next_dagrun for example_xcom_args to None, run_after=None
[2023-09-06T18:50:57.071-0300] {logging_mixin.py:151} INFO - [2023-09-06T18:50:57.071-0300] {dag.py:3677} INFO - Setting next_dagrun for example_xcom_args_with_operators to None, run_after=None
[2023-09-06T18:50:57.094-0300] {processor.py:179} INFO - Processing /home/dany/teste/venv/lib/python3.10/site-packages/airflow/example_dags/example_xcomargs.py took 0.071 seconds
