[2023-09-06T18:50:37.416-0300] {processor.py:157} INFO - Started process (PID=1039) to work on /home/dany/teste/venv/lib/python3.10/site-packages/airflow/example_dags/example_python_operator.py
[2023-09-06T18:50:37.417-0300] {processor.py:829} INFO - Processing file /home/dany/teste/venv/lib/python3.10/site-packages/airflow/example_dags/example_python_operator.py for tasks to queue
[2023-09-06T18:50:37.418-0300] {logging_mixin.py:151} INFO - [2023-09-06T18:50:37.418-0300] {dagbag.py:539} INFO - Filling up the DagBag from /home/dany/teste/venv/lib/python3.10/site-packages/airflow/example_dags/example_python_operator.py
[2023-09-06T18:50:37.565-0300] {logging_mixin.py:151} INFO - [2023-09-06T18:50:37.565-0300] {example_python_operator.py:89} WARNING - The virtalenv_python example task requires virtualenv, please install it.
[2023-09-06T18:50:37.566-0300] {processor.py:839} INFO - DAG(s) dict_keys(['example_python_operator']) retrieved from /home/dany/teste/venv/lib/python3.10/site-packages/airflow/example_dags/example_python_operator.py
[2023-09-06T18:50:37.653-0300] {logging_mixin.py:151} INFO - [2023-09-06T18:50:37.652-0300] {manager.py:501} INFO - Created Permission View: can read on DAG:example_python_operator
[2023-09-06T18:50:37.667-0300] {logging_mixin.py:151} INFO - [2023-09-06T18:50:37.666-0300] {manager.py:501} INFO - Created Permission View: can delete on DAG:example_python_operator
[2023-09-06T18:50:37.684-0300] {logging_mixin.py:151} INFO - [2023-09-06T18:50:37.684-0300] {manager.py:501} INFO - Created Permission View: can edit on DAG:example_python_operator
[2023-09-06T18:50:37.694-0300] {logging_mixin.py:151} INFO - [2023-09-06T18:50:37.694-0300] {dag.py:2907} INFO - Sync 1 DAGs
[2023-09-06T18:50:37.702-0300] {logging_mixin.py:151} INFO - [2023-09-06T18:50:37.702-0300] {dag.py:2929} INFO - Creating ORM DAG for example_python_operator
[2023-09-06T18:50:37.702-0300] {logging_mixin.py:151} INFO - [2023-09-06T18:50:37.702-0300] {dag.py:3677} INFO - Setting next_dagrun for example_python_operator to None, run_after=None
[2023-09-06T18:50:37.735-0300] {processor.py:179} INFO - Processing /home/dany/teste/venv/lib/python3.10/site-packages/airflow/example_dags/example_python_operator.py took 0.324 seconds
[2023-09-06T18:51:25.509-0300] {processor.py:157} INFO - Started process (PID=1109) to work on /home/dany/teste/venv/lib/python3.10/site-packages/airflow/example_dags/example_python_operator.py
[2023-09-06T18:51:25.510-0300] {processor.py:829} INFO - Processing file /home/dany/teste/venv/lib/python3.10/site-packages/airflow/example_dags/example_python_operator.py for tasks to queue
[2023-09-06T18:51:25.511-0300] {logging_mixin.py:151} INFO - [2023-09-06T18:51:25.510-0300] {dagbag.py:539} INFO - Filling up the DagBag from /home/dany/teste/venv/lib/python3.10/site-packages/airflow/example_dags/example_python_operator.py
[2023-09-06T18:51:25.551-0300] {logging_mixin.py:151} INFO - [2023-09-06T18:51:25.551-0300] {example_python_operator.py:89} WARNING - The virtalenv_python example task requires virtualenv, please install it.
[2023-09-06T18:51:25.552-0300] {processor.py:839} INFO - DAG(s) dict_keys(['example_python_operator']) retrieved from /home/dany/teste/venv/lib/python3.10/site-packages/airflow/example_dags/example_python_operator.py
[2023-09-06T18:51:25.567-0300] {logging_mixin.py:151} INFO - [2023-09-06T18:51:25.567-0300] {dag.py:2907} INFO - Sync 1 DAGs
[2023-09-06T18:51:25.580-0300] {logging_mixin.py:151} INFO - [2023-09-06T18:51:25.579-0300] {dag.py:3677} INFO - Setting next_dagrun for example_python_operator to None, run_after=None
[2023-09-06T18:51:25.615-0300] {processor.py:179} INFO - Processing /home/dany/teste/venv/lib/python3.10/site-packages/airflow/example_dags/example_python_operator.py took 0.108 seconds
