[2023-09-06T18:50:41.370-0300] {processor.py:157} INFO - Started process (PID=1049) to work on /home/dany/teste/venv/lib/python3.10/site-packages/airflow/example_dags/example_branch_datetime_operator.py
[2023-09-06T18:50:41.371-0300] {processor.py:829} INFO - Processing file /home/dany/teste/venv/lib/python3.10/site-packages/airflow/example_dags/example_branch_datetime_operator.py for tasks to queue
[2023-09-06T18:50:41.372-0300] {logging_mixin.py:151} INFO - [2023-09-06T18:50:41.371-0300] {dagbag.py:539} INFO - Filling up the DagBag from /home/dany/teste/venv/lib/python3.10/site-packages/airflow/example_dags/example_branch_datetime_operator.py
[2023-09-06T18:50:41.386-0300] {processor.py:839} INFO - DAG(s) dict_keys(['example_branch_datetime_operator', 'example_branch_datetime_operator_3', 'example_branch_datetime_operator_2']) retrieved from /home/dany/teste/venv/lib/python3.10/site-packages/airflow/example_dags/example_branch_datetime_operator.py
[2023-09-06T18:50:41.478-0300] {logging_mixin.py:151} INFO - [2023-09-06T18:50:41.478-0300] {manager.py:501} INFO - Created Permission View: can read on DAG:example_branch_datetime_operator
[2023-09-06T18:50:41.504-0300] {logging_mixin.py:151} INFO - [2023-09-06T18:50:41.504-0300] {manager.py:501} INFO - Created Permission View: can delete on DAG:example_branch_datetime_operator
[2023-09-06T18:50:41.517-0300] {logging_mixin.py:151} INFO - [2023-09-06T18:50:41.516-0300] {manager.py:501} INFO - Created Permission View: can edit on DAG:example_branch_datetime_operator
[2023-09-06T18:50:41.555-0300] {logging_mixin.py:151} INFO - [2023-09-06T18:50:41.555-0300] {manager.py:501} INFO - Created Permission View: can read on DAG:example_branch_datetime_operator_3
[2023-09-06T18:50:41.567-0300] {logging_mixin.py:151} INFO - [2023-09-06T18:50:41.567-0300] {manager.py:501} INFO - Created Permission View: can delete on DAG:example_branch_datetime_operator_3
[2023-09-06T18:50:41.578-0300] {logging_mixin.py:151} INFO - [2023-09-06T18:50:41.578-0300] {manager.py:501} INFO - Created Permission View: can edit on DAG:example_branch_datetime_operator_3
[2023-09-06T18:50:41.609-0300] {logging_mixin.py:151} INFO - [2023-09-06T18:50:41.609-0300] {manager.py:501} INFO - Created Permission View: can read on DAG:example_branch_datetime_operator_2
[2023-09-06T18:50:41.621-0300] {logging_mixin.py:151} INFO - [2023-09-06T18:50:41.620-0300] {manager.py:501} INFO - Created Permission View: can delete on DAG:example_branch_datetime_operator_2
[2023-09-06T18:50:41.633-0300] {logging_mixin.py:151} INFO - [2023-09-06T18:50:41.632-0300] {manager.py:501} INFO - Created Permission View: can edit on DAG:example_branch_datetime_operator_2
[2023-09-06T18:50:41.637-0300] {logging_mixin.py:151} INFO - [2023-09-06T18:50:41.637-0300] {dag.py:2907} INFO - Sync 3 DAGs
[2023-09-06T18:50:41.646-0300] {logging_mixin.py:151} INFO - [2023-09-06T18:50:41.646-0300] {dag.py:2929} INFO - Creating ORM DAG for example_branch_datetime_operator
[2023-09-06T18:50:41.647-0300] {logging_mixin.py:151} INFO - [2023-09-06T18:50:41.646-0300] {dag.py:2929} INFO - Creating ORM DAG for example_branch_datetime_operator_3
[2023-09-06T18:50:41.647-0300] {logging_mixin.py:151} INFO - [2023-09-06T18:50:41.647-0300] {dag.py:2929} INFO - Creating ORM DAG for example_branch_datetime_operator_2
[2023-09-06T18:50:41.656-0300] {logging_mixin.py:151} INFO - [2023-09-06T18:50:41.656-0300] {dag.py:3677} INFO - Setting next_dagrun for example_branch_datetime_operator to 2023-09-05T00:00:00+00:00, run_after=2023-09-06T00:00:00+00:00
[2023-09-06T18:50:41.657-0300] {logging_mixin.py:151} INFO - [2023-09-06T18:50:41.657-0300] {dag.py:3677} INFO - Setting next_dagrun for example_branch_datetime_operator_2 to 2023-09-05T00:00:00+00:00, run_after=2023-09-06T00:00:00+00:00
[2023-09-06T18:50:41.659-0300] {logging_mixin.py:151} INFO - [2023-09-06T18:50:41.658-0300] {dag.py:3677} INFO - Setting next_dagrun for example_branch_datetime_operator_3 to 2023-09-05T00:00:00+00:00, run_after=2023-09-06T00:00:00+00:00
[2023-09-06T18:50:41.685-0300] {processor.py:179} INFO - Processing /home/dany/teste/venv/lib/python3.10/site-packages/airflow/example_dags/example_branch_datetime_operator.py took 0.319 seconds
