[2023-09-06T18:50:06.451-0300] {processor.py:157} INFO - Started process (PID=975) to work on /home/dany/teste/venv/lib/python3.10/site-packages/airflow/example_dags/example_subdag_operator.py
[2023-09-06T18:50:06.452-0300] {processor.py:829} INFO - Processing file /home/dany/teste/venv/lib/python3.10/site-packages/airflow/example_dags/example_subdag_operator.py for tasks to queue
[2023-09-06T18:50:06.453-0300] {logging_mixin.py:151} INFO - [2023-09-06T18:50:06.453-0300] {dagbag.py:539} INFO - Filling up the DagBag from /home/dany/teste/venv/lib/python3.10/site-packages/airflow/example_dags/example_subdag_operator.py
[2023-09-06T18:50:06.474-0300] {processor.py:839} INFO - DAG(s) dict_keys(['example_subdag_operator.section-1', 'example_subdag_operator.section-2', 'example_subdag_operator']) retrieved from /home/dany/teste/venv/lib/python3.10/site-packages/airflow/example_dags/example_subdag_operator.py
[2023-09-06T18:50:06.656-0300] {logging_mixin.py:151} INFO - [2023-09-06T18:50:06.656-0300] {manager.py:501} INFO - Created Permission View: can read on DAG:example_subdag_operator
[2023-09-06T18:50:06.670-0300] {logging_mixin.py:151} INFO - [2023-09-06T18:50:06.670-0300] {manager.py:501} INFO - Created Permission View: can delete on DAG:example_subdag_operator
[2023-09-06T18:50:06.682-0300] {logging_mixin.py:151} INFO - [2023-09-06T18:50:06.682-0300] {manager.py:501} INFO - Created Permission View: can edit on DAG:example_subdag_operator
[2023-09-06T18:50:06.693-0300] {logging_mixin.py:151} INFO - [2023-09-06T18:50:06.693-0300] {dag.py:2907} INFO - Sync 3 DAGs
[2023-09-06T18:50:06.700-0300] {logging_mixin.py:151} INFO - [2023-09-06T18:50:06.700-0300] {dag.py:2929} INFO - Creating ORM DAG for example_subdag_operator
[2023-09-06T18:50:06.700-0300] {logging_mixin.py:151} INFO - [2023-09-06T18:50:06.700-0300] {dag.py:2929} INFO - Creating ORM DAG for example_subdag_operator.section-2
[2023-09-06T18:50:06.701-0300] {logging_mixin.py:151} INFO - [2023-09-06T18:50:06.701-0300] {dag.py:2929} INFO - Creating ORM DAG for example_subdag_operator.section-1
[2023-09-06T18:50:06.706-0300] {logging_mixin.py:151} INFO - [2023-09-06T18:50:06.706-0300] {dag.py:3677} INFO - Setting next_dagrun for example_subdag_operator to 2022-01-01T00:00:00+00:00, run_after=2022-01-01T00:00:00+00:00
[2023-09-06T18:50:06.707-0300] {logging_mixin.py:151} INFO - [2023-09-06T18:50:06.707-0300] {dag.py:3677} INFO - Setting next_dagrun for example_subdag_operator.section-1 to None, run_after=None
[2023-09-06T18:50:06.707-0300] {logging_mixin.py:151} INFO - [2023-09-06T18:50:06.707-0300] {dag.py:3677} INFO - Setting next_dagrun for example_subdag_operator.section-2 to None, run_after=None
[2023-09-06T18:50:06.711-0300] {logging_mixin.py:151} INFO - [2023-09-06T18:50:06.711-0300] {dag.py:2907} INFO - Sync 2 DAGs
[2023-09-06T18:50:06.714-0300] {logging_mixin.py:151} INFO - [2023-09-06T18:50:06.714-0300] {dag.py:3677} INFO - Setting next_dagrun for example_subdag_operator.section-1 to None, run_after=None
[2023-09-06T18:50:06.716-0300] {logging_mixin.py:151} INFO - [2023-09-06T18:50:06.716-0300] {dag.py:3677} INFO - Setting next_dagrun for example_subdag_operator.section-2 to None, run_after=None
[2023-09-06T18:50:06.736-0300] {processor.py:179} INFO - Processing /home/dany/teste/venv/lib/python3.10/site-packages/airflow/example_dags/example_subdag_operator.py took 0.288 seconds
[2023-09-06T18:51:01.051-0300] {processor.py:157} INFO - Started process (PID=1073) to work on /home/dany/teste/venv/lib/python3.10/site-packages/airflow/example_dags/example_subdag_operator.py
[2023-09-06T18:51:01.054-0300] {processor.py:829} INFO - Processing file /home/dany/teste/venv/lib/python3.10/site-packages/airflow/example_dags/example_subdag_operator.py for tasks to queue
[2023-09-06T18:51:01.055-0300] {logging_mixin.py:151} INFO - [2023-09-06T18:51:01.055-0300] {dagbag.py:539} INFO - Filling up the DagBag from /home/dany/teste/venv/lib/python3.10/site-packages/airflow/example_dags/example_subdag_operator.py
[2023-09-06T18:51:01.081-0300] {processor.py:839} INFO - DAG(s) dict_keys(['example_subdag_operator.section-1', 'example_subdag_operator.section-2', 'example_subdag_operator']) retrieved from /home/dany/teste/venv/lib/python3.10/site-packages/airflow/example_dags/example_subdag_operator.py
[2023-09-06T18:51:01.096-0300] {logging_mixin.py:151} INFO - [2023-09-06T18:51:01.096-0300] {dag.py:2907} INFO - Sync 3 DAGs
[2023-09-06T18:51:01.112-0300] {logging_mixin.py:151} INFO - [2023-09-06T18:51:01.112-0300] {dag.py:3677} INFO - Setting next_dagrun for example_subdag_operator to 2022-01-01T00:00:00+00:00, run_after=2022-01-01T00:00:00+00:00
[2023-09-06T18:51:01.115-0300] {logging_mixin.py:151} INFO - [2023-09-06T18:51:01.115-0300] {dag.py:3677} INFO - Setting next_dagrun for example_subdag_operator.section-1 to None, run_after=None
[2023-09-06T18:51:01.117-0300] {logging_mixin.py:151} INFO - [2023-09-06T18:51:01.116-0300] {dag.py:3677} INFO - Setting next_dagrun for example_subdag_operator.section-2 to None, run_after=None
[2023-09-06T18:51:01.121-0300] {logging_mixin.py:151} INFO - [2023-09-06T18:51:01.121-0300] {dag.py:2907} INFO - Sync 2 DAGs
[2023-09-06T18:51:01.125-0300] {logging_mixin.py:151} INFO - [2023-09-06T18:51:01.124-0300] {dag.py:3677} INFO - Setting next_dagrun for example_subdag_operator.section-1 to None, run_after=None
[2023-09-06T18:51:01.125-0300] {logging_mixin.py:151} INFO - [2023-09-06T18:51:01.125-0300] {dag.py:3677} INFO - Setting next_dagrun for example_subdag_operator.section-2 to None, run_after=None
[2023-09-06T18:51:01.142-0300] {processor.py:179} INFO - Processing /home/dany/teste/venv/lib/python3.10/site-packages/airflow/example_dags/example_subdag_operator.py took 0.097 seconds
