[2023-09-06T18:49:47.710-0300] {processor.py:157} INFO - Started process (PID=952) to work on /home/dany/teste/venv/lib/python3.10/site-packages/airflow/example_dags/example_short_circuit_operator.py
[2023-09-06T18:49:47.711-0300] {processor.py:829} INFO - Processing file /home/dany/teste/venv/lib/python3.10/site-packages/airflow/example_dags/example_short_circuit_operator.py for tasks to queue
[2023-09-06T18:49:47.712-0300] {logging_mixin.py:151} INFO - [2023-09-06T18:49:47.712-0300] {dagbag.py:539} INFO - Filling up the DagBag from /home/dany/teste/venv/lib/python3.10/site-packages/airflow/example_dags/example_short_circuit_operator.py
[2023-09-06T18:49:47.727-0300] {processor.py:839} INFO - DAG(s) dict_keys(['example_short_circuit_operator']) retrieved from /home/dany/teste/venv/lib/python3.10/site-packages/airflow/example_dags/example_short_circuit_operator.py
[2023-09-06T18:49:47.907-0300] {logging_mixin.py:151} INFO - [2023-09-06T18:49:47.907-0300] {manager.py:501} INFO - Created Permission View: can read on DAG:example_short_circuit_operator
[2023-09-06T18:49:47.921-0300] {logging_mixin.py:151} INFO - [2023-09-06T18:49:47.921-0300] {manager.py:501} INFO - Created Permission View: can delete on DAG:example_short_circuit_operator
[2023-09-06T18:49:47.932-0300] {logging_mixin.py:151} INFO - [2023-09-06T18:49:47.932-0300] {manager.py:501} INFO - Created Permission View: can edit on DAG:example_short_circuit_operator
[2023-09-06T18:49:47.941-0300] {logging_mixin.py:151} INFO - [2023-09-06T18:49:47.941-0300] {dag.py:2907} INFO - Sync 1 DAGs
[2023-09-06T18:49:47.949-0300] {logging_mixin.py:151} INFO - [2023-09-06T18:49:47.949-0300] {dag.py:2929} INFO - Creating ORM DAG for example_short_circuit_operator
[2023-09-06T18:49:47.955-0300] {logging_mixin.py:151} INFO - [2023-09-06T18:49:47.955-0300] {dag.py:3677} INFO - Setting next_dagrun for example_short_circuit_operator to 2023-09-05T21:49:47.955315+00:00, run_after=2023-09-06T21:49:47.955315+00:00
[2023-09-06T18:49:47.976-0300] {processor.py:179} INFO - Processing /home/dany/teste/venv/lib/python3.10/site-packages/airflow/example_dags/example_short_circuit_operator.py took 0.270 seconds
[2023-09-06T18:50:47.467-0300] {processor.py:157} INFO - Started process (PID=1057) to work on /home/dany/teste/venv/lib/python3.10/site-packages/airflow/example_dags/example_short_circuit_operator.py
[2023-09-06T18:50:47.469-0300] {processor.py:829} INFO - Processing file /home/dany/teste/venv/lib/python3.10/site-packages/airflow/example_dags/example_short_circuit_operator.py for tasks to queue
[2023-09-06T18:50:47.470-0300] {logging_mixin.py:151} INFO - [2023-09-06T18:50:47.470-0300] {dagbag.py:539} INFO - Filling up the DagBag from /home/dany/teste/venv/lib/python3.10/site-packages/airflow/example_dags/example_short_circuit_operator.py
[2023-09-06T18:50:47.481-0300] {processor.py:839} INFO - DAG(s) dict_keys(['example_short_circuit_operator']) retrieved from /home/dany/teste/venv/lib/python3.10/site-packages/airflow/example_dags/example_short_circuit_operator.py
[2023-09-06T18:50:47.500-0300] {logging_mixin.py:151} INFO - [2023-09-06T18:50:47.500-0300] {dag.py:2907} INFO - Sync 1 DAGs
[2023-09-06T18:50:47.519-0300] {logging_mixin.py:151} INFO - [2023-09-06T18:50:47.518-0300] {dag.py:3677} INFO - Setting next_dagrun for example_short_circuit_operator to 2023-09-05T21:50:47.518709+00:00, run_after=2023-09-06T21:50:47.518709+00:00
[2023-09-06T18:50:47.545-0300] {processor.py:179} INFO - Processing /home/dany/teste/venv/lib/python3.10/site-packages/airflow/example_dags/example_short_circuit_operator.py took 0.082 seconds
[2023-09-06T18:51:27.047-0300] {processor.py:157} INFO - Started process (PID=1111) to work on /home/dany/teste/venv/lib/python3.10/site-packages/airflow/example_dags/example_short_circuit_operator.py
[2023-09-06T18:51:27.049-0300] {processor.py:829} INFO - Processing file /home/dany/teste/venv/lib/python3.10/site-packages/airflow/example_dags/example_short_circuit_operator.py for tasks to queue
[2023-09-06T18:51:27.051-0300] {logging_mixin.py:151} INFO - [2023-09-06T18:51:27.050-0300] {dagbag.py:539} INFO - Filling up the DagBag from /home/dany/teste/venv/lib/python3.10/site-packages/airflow/example_dags/example_short_circuit_operator.py
[2023-09-06T18:51:27.063-0300] {processor.py:839} INFO - DAG(s) dict_keys(['example_short_circuit_operator']) retrieved from /home/dany/teste/venv/lib/python3.10/site-packages/airflow/example_dags/example_short_circuit_operator.py
[2023-09-06T18:51:27.080-0300] {logging_mixin.py:151} INFO - [2023-09-06T18:51:27.079-0300] {dag.py:2907} INFO - Sync 1 DAGs
[2023-09-06T18:51:27.095-0300] {logging_mixin.py:151} INFO - [2023-09-06T18:51:27.095-0300] {dag.py:3677} INFO - Setting next_dagrun for example_short_circuit_operator to 2023-09-05T21:51:27.095362+00:00, run_after=2023-09-06T21:51:27.095362+00:00
[2023-09-06T18:51:27.118-0300] {processor.py:179} INFO - Processing /home/dany/teste/venv/lib/python3.10/site-packages/airflow/example_dags/example_short_circuit_operator.py took 0.078 seconds
