[2023-09-06T20:21:57.904-0300] {processor.py:157} INFO - Started process (PID=8069) to work on /home/dany/airflow/dags/streamings-dag.py
[2023-09-06T20:21:57.905-0300] {processor.py:829} INFO - Processing file /home/dany/airflow/dags/streamings-dag.py for tasks to queue
[2023-09-06T20:21:57.906-0300] {logging_mixin.py:151} INFO - [2023-09-06T20:21:57.906-0300] {dagbag.py:539} INFO - Filling up the DagBag from /home/dany/airflow/dags/streamings-dag.py
[2023-09-06T20:21:57.920-0300] {processor.py:839} INFO - DAG(s) dict_keys(['streamings-dag']) retrieved from /home/dany/airflow/dags/streamings-dag.py
[2023-09-06T20:21:58.103-0300] {logging_mixin.py:151} INFO - [2023-09-06T20:21:58.102-0300] {manager.py:501} INFO - Created Permission View: can edit on DAG:streamings-dag
[2023-09-06T20:21:58.117-0300] {logging_mixin.py:151} INFO - [2023-09-06T20:21:58.116-0300] {manager.py:501} INFO - Created Permission View: can read on DAG:streamings-dag
[2023-09-06T20:21:58.128-0300] {logging_mixin.py:151} INFO - [2023-09-06T20:21:58.128-0300] {manager.py:501} INFO - Created Permission View: can delete on DAG:streamings-dag
[2023-09-06T20:21:58.137-0300] {logging_mixin.py:151} INFO - [2023-09-06T20:21:58.137-0300] {dag.py:2907} INFO - Sync 1 DAGs
[2023-09-06T20:21:58.144-0300] {logging_mixin.py:151} INFO - [2023-09-06T20:21:58.144-0300] {dag.py:2929} INFO - Creating ORM DAG for streamings-dag
[2023-09-06T20:21:58.153-0300] {logging_mixin.py:151} INFO - [2023-09-06T20:21:58.152-0300] {dag.py:3677} INFO - Setting next_dagrun for streamings-dag to 2023-09-06T20:15:00+00:00, run_after=2023-09-07T20:15:00+00:00
[2023-09-06T20:21:58.174-0300] {processor.py:179} INFO - Processing /home/dany/airflow/dags/streamings-dag.py took 0.273 seconds
[2023-09-06T20:22:29.171-0300] {processor.py:157} INFO - Started process (PID=8086) to work on /home/dany/airflow/dags/streamings-dag.py
[2023-09-06T20:22:29.172-0300] {processor.py:829} INFO - Processing file /home/dany/airflow/dags/streamings-dag.py for tasks to queue
[2023-09-06T20:22:29.173-0300] {logging_mixin.py:151} INFO - [2023-09-06T20:22:29.172-0300] {dagbag.py:539} INFO - Filling up the DagBag from /home/dany/airflow/dags/streamings-dag.py
[2023-09-06T20:22:29.187-0300] {processor.py:839} INFO - DAG(s) dict_keys(['streamings-dag']) retrieved from /home/dany/airflow/dags/streamings-dag.py
[2023-09-06T20:22:29.208-0300] {logging_mixin.py:151} INFO - [2023-09-06T20:22:29.208-0300] {dag.py:2907} INFO - Sync 1 DAGs
[2023-09-06T20:22:29.340-0300] {logging_mixin.py:151} INFO - [2023-09-06T20:22:29.339-0300] {dag.py:3677} INFO - Setting next_dagrun for streamings-dag to 2023-09-06T20:15:00+00:00, run_after=2023-09-07T20:15:00+00:00
[2023-09-06T20:22:29.379-0300] {processor.py:179} INFO - Processing /home/dany/airflow/dags/streamings-dag.py took 0.211 seconds
[2023-09-06T20:22:59.588-0300] {processor.py:157} INFO - Started process (PID=8090) to work on /home/dany/airflow/dags/streamings-dag.py
[2023-09-06T20:22:59.590-0300] {processor.py:829} INFO - Processing file /home/dany/airflow/dags/streamings-dag.py for tasks to queue
[2023-09-06T20:22:59.591-0300] {logging_mixin.py:151} INFO - [2023-09-06T20:22:59.591-0300] {dagbag.py:539} INFO - Filling up the DagBag from /home/dany/airflow/dags/streamings-dag.py
[2023-09-06T20:22:59.607-0300] {processor.py:839} INFO - DAG(s) dict_keys(['streamings-dag']) retrieved from /home/dany/airflow/dags/streamings-dag.py
[2023-09-06T20:22:59.630-0300] {logging_mixin.py:151} INFO - [2023-09-06T20:22:59.630-0300] {dag.py:2907} INFO - Sync 1 DAGs
[2023-09-06T20:22:59.810-0300] {logging_mixin.py:151} INFO - [2023-09-06T20:22:59.810-0300] {dag.py:3677} INFO - Setting next_dagrun for streamings-dag to 2023-09-06T20:15:00+00:00, run_after=2023-09-07T20:15:00+00:00
[2023-09-06T20:22:59.849-0300] {processor.py:179} INFO - Processing /home/dany/airflow/dags/streamings-dag.py took 0.265 seconds
[2023-09-06T20:23:30.002-0300] {processor.py:157} INFO - Started process (PID=8103) to work on /home/dany/airflow/dags/streamings-dag.py
[2023-09-06T20:23:30.003-0300] {processor.py:829} INFO - Processing file /home/dany/airflow/dags/streamings-dag.py for tasks to queue
[2023-09-06T20:23:30.005-0300] {logging_mixin.py:151} INFO - [2023-09-06T20:23:30.004-0300] {dagbag.py:539} INFO - Filling up the DagBag from /home/dany/airflow/dags/streamings-dag.py
[2023-09-06T20:23:30.024-0300] {processor.py:839} INFO - DAG(s) dict_keys(['streamings-dag']) retrieved from /home/dany/airflow/dags/streamings-dag.py
[2023-09-06T20:23:30.076-0300] {logging_mixin.py:151} INFO - [2023-09-06T20:23:30.076-0300] {dag.py:2907} INFO - Sync 1 DAGs
[2023-09-06T20:23:30.200-0300] {logging_mixin.py:151} INFO - [2023-09-06T20:23:30.200-0300] {dag.py:3677} INFO - Setting next_dagrun for streamings-dag to 2023-09-06T20:15:00+00:00, run_after=2023-09-07T20:15:00+00:00
[2023-09-06T20:23:30.225-0300] {processor.py:179} INFO - Processing /home/dany/airflow/dags/streamings-dag.py took 0.228 seconds
[2023-09-06T20:24:00.426-0300] {processor.py:157} INFO - Started process (PID=8105) to work on /home/dany/airflow/dags/streamings-dag.py
[2023-09-06T20:24:00.428-0300] {processor.py:829} INFO - Processing file /home/dany/airflow/dags/streamings-dag.py for tasks to queue
[2023-09-06T20:24:00.429-0300] {logging_mixin.py:151} INFO - [2023-09-06T20:24:00.429-0300] {dagbag.py:539} INFO - Filling up the DagBag from /home/dany/airflow/dags/streamings-dag.py
[2023-09-06T20:24:00.494-0300] {processor.py:839} INFO - DAG(s) dict_keys(['streamings-dag']) retrieved from /home/dany/airflow/dags/streamings-dag.py
[2023-09-06T20:24:00.688-0300] {logging_mixin.py:151} INFO - [2023-09-06T20:24:00.688-0300] {dag.py:2907} INFO - Sync 1 DAGs
[2023-09-06T20:24:00.721-0300] {logging_mixin.py:151} INFO - [2023-09-06T20:24:00.721-0300] {dag.py:3677} INFO - Setting next_dagrun for streamings-dag to 2023-09-06T20:15:00+00:00, run_after=2023-09-07T20:15:00+00:00
[2023-09-06T20:24:00.756-0300] {processor.py:179} INFO - Processing /home/dany/airflow/dags/streamings-dag.py took 0.365 seconds
[2023-09-06T20:24:31.883-0300] {processor.py:157} INFO - Started process (PID=8147) to work on /home/dany/airflow/dags/streamings-dag.py
[2023-09-06T20:24:31.897-0300] {processor.py:829} INFO - Processing file /home/dany/airflow/dags/streamings-dag.py for tasks to queue
[2023-09-06T20:24:31.903-0300] {logging_mixin.py:151} INFO - [2023-09-06T20:24:31.900-0300] {dagbag.py:539} INFO - Filling up the DagBag from /home/dany/airflow/dags/streamings-dag.py
[2023-09-06T20:24:32.688-0300] {processor.py:839} INFO - DAG(s) dict_keys(['streamings-dag']) retrieved from /home/dany/airflow/dags/streamings-dag.py
[2023-09-06T20:24:32.761-0300] {logging_mixin.py:151} INFO - [2023-09-06T20:24:32.761-0300] {dag.py:2907} INFO - Sync 1 DAGs
[2023-09-06T20:24:32.820-0300] {logging_mixin.py:151} INFO - [2023-09-06T20:24:32.819-0300] {dag.py:3677} INFO - Setting next_dagrun for streamings-dag to 2023-09-06T20:15:00+00:00, run_after=2023-09-07T20:15:00+00:00
[2023-09-06T20:24:32.868-0300] {processor.py:179} INFO - Processing /home/dany/airflow/dags/streamings-dag.py took 1.023 seconds
[2023-09-06T20:25:03.259-0300] {processor.py:157} INFO - Started process (PID=8161) to work on /home/dany/airflow/dags/streamings-dag.py
[2023-09-06T20:25:03.266-0300] {processor.py:829} INFO - Processing file /home/dany/airflow/dags/streamings-dag.py for tasks to queue
[2023-09-06T20:25:03.268-0300] {logging_mixin.py:151} INFO - [2023-09-06T20:25:03.267-0300] {dagbag.py:539} INFO - Filling up the DagBag from /home/dany/airflow/dags/streamings-dag.py
[2023-09-06T20:25:03.609-0300] {processor.py:839} INFO - DAG(s) dict_keys(['streamings-dag']) retrieved from /home/dany/airflow/dags/streamings-dag.py
[2023-09-06T20:25:03.631-0300] {logging_mixin.py:151} INFO - [2023-09-06T20:25:03.631-0300] {dag.py:2907} INFO - Sync 1 DAGs
[2023-09-06T20:25:03.659-0300] {logging_mixin.py:151} INFO - [2023-09-06T20:25:03.659-0300] {dag.py:3677} INFO - Setting next_dagrun for streamings-dag to 2023-09-06T20:15:00+00:00, run_after=2023-09-07T20:15:00+00:00
[2023-09-06T20:25:03.704-0300] {processor.py:179} INFO - Processing /home/dany/airflow/dags/streamings-dag.py took 0.485 seconds
[2023-09-06T20:25:34.886-0300] {processor.py:157} INFO - Started process (PID=8163) to work on /home/dany/airflow/dags/streamings-dag.py
[2023-09-06T20:25:34.897-0300] {processor.py:829} INFO - Processing file /home/dany/airflow/dags/streamings-dag.py for tasks to queue
[2023-09-06T20:25:34.920-0300] {logging_mixin.py:151} INFO - [2023-09-06T20:25:34.912-0300] {dagbag.py:539} INFO - Filling up the DagBag from /home/dany/airflow/dags/streamings-dag.py
[2023-09-06T20:25:35.084-0300] {processor.py:839} INFO - DAG(s) dict_keys(['streamings-dag']) retrieved from /home/dany/airflow/dags/streamings-dag.py
[2023-09-06T20:25:35.226-0300] {logging_mixin.py:151} INFO - [2023-09-06T20:25:35.226-0300] {dag.py:2907} INFO - Sync 1 DAGs
[2023-09-06T20:25:35.312-0300] {logging_mixin.py:151} INFO - [2023-09-06T20:25:35.311-0300] {dag.py:3677} INFO - Setting next_dagrun for streamings-dag to 2023-09-06T20:15:00+00:00, run_after=2023-09-07T20:15:00+00:00
[2023-09-06T20:25:35.366-0300] {processor.py:179} INFO - Processing /home/dany/airflow/dags/streamings-dag.py took 0.579 seconds
[2023-09-06T20:26:06.062-0300] {processor.py:157} INFO - Started process (PID=8175) to work on /home/dany/airflow/dags/streamings-dag.py
[2023-09-06T20:26:06.070-0300] {processor.py:829} INFO - Processing file /home/dany/airflow/dags/streamings-dag.py for tasks to queue
[2023-09-06T20:26:06.073-0300] {logging_mixin.py:151} INFO - [2023-09-06T20:26:06.072-0300] {dagbag.py:539} INFO - Filling up the DagBag from /home/dany/airflow/dags/streamings-dag.py
[2023-09-06T20:26:06.111-0300] {processor.py:839} INFO - DAG(s) dict_keys(['streamings-dag']) retrieved from /home/dany/airflow/dags/streamings-dag.py
[2023-09-06T20:26:06.135-0300] {logging_mixin.py:151} INFO - [2023-09-06T20:26:06.135-0300] {dag.py:2907} INFO - Sync 1 DAGs
[2023-09-06T20:26:06.158-0300] {logging_mixin.py:151} INFO - [2023-09-06T20:26:06.158-0300] {dag.py:3677} INFO - Setting next_dagrun for streamings-dag to 2023-09-06T20:15:00+00:00, run_after=2023-09-07T20:15:00+00:00
[2023-09-06T20:26:06.186-0300] {processor.py:179} INFO - Processing /home/dany/airflow/dags/streamings-dag.py took 0.180 seconds
[2023-09-06T20:26:36.627-0300] {processor.py:157} INFO - Started process (PID=8179) to work on /home/dany/airflow/dags/streamings-dag.py
[2023-09-06T20:26:36.630-0300] {processor.py:829} INFO - Processing file /home/dany/airflow/dags/streamings-dag.py for tasks to queue
[2023-09-06T20:26:36.631-0300] {logging_mixin.py:151} INFO - [2023-09-06T20:26:36.631-0300] {dagbag.py:539} INFO - Filling up the DagBag from /home/dany/airflow/dags/streamings-dag.py
[2023-09-06T20:26:36.655-0300] {processor.py:839} INFO - DAG(s) dict_keys(['streamings-dag']) retrieved from /home/dany/airflow/dags/streamings-dag.py
[2023-09-06T20:26:36.681-0300] {logging_mixin.py:151} INFO - [2023-09-06T20:26:36.681-0300] {dag.py:2907} INFO - Sync 1 DAGs
[2023-09-06T20:26:36.702-0300] {logging_mixin.py:151} INFO - [2023-09-06T20:26:36.701-0300] {dag.py:3677} INFO - Setting next_dagrun for streamings-dag to 2023-09-06T20:15:00+00:00, run_after=2023-09-07T20:15:00+00:00
[2023-09-06T20:26:36.728-0300] {processor.py:179} INFO - Processing /home/dany/airflow/dags/streamings-dag.py took 0.107 seconds
[2023-09-06T20:26:49.127-0300] {processor.py:157} INFO - Started process (PID=8187) to work on /home/dany/airflow/dags/streamings-dag.py
[2023-09-06T20:26:49.130-0300] {processor.py:829} INFO - Processing file /home/dany/airflow/dags/streamings-dag.py for tasks to queue
[2023-09-06T20:26:49.132-0300] {logging_mixin.py:151} INFO - [2023-09-06T20:26:49.131-0300] {dagbag.py:539} INFO - Filling up the DagBag from /home/dany/airflow/dags/streamings-dag.py
[2023-09-06T20:26:49.154-0300] {processor.py:839} INFO - DAG(s) dict_keys(['streamings-dag']) retrieved from /home/dany/airflow/dags/streamings-dag.py
[2023-09-06T20:26:49.244-0300] {logging_mixin.py:151} INFO - [2023-09-06T20:26:49.244-0300] {dag.py:2907} INFO - Sync 1 DAGs
[2023-09-06T20:26:49.260-0300] {logging_mixin.py:151} INFO - [2023-09-06T20:26:49.260-0300] {dag.py:3677} INFO - Setting next_dagrun for streamings-dag to 2023-09-06T20:15:00+00:00, run_after=2023-09-07T20:15:00+00:00
[2023-09-06T20:26:49.285-0300] {processor.py:179} INFO - Processing /home/dany/airflow/dags/streamings-dag.py took 0.166 seconds
[2023-09-06T20:27:03.273-0300] {processor.py:157} INFO - Started process (PID=8194) to work on /home/dany/airflow/dags/streamings-dag.py
[2023-09-06T20:27:03.274-0300] {processor.py:829} INFO - Processing file /home/dany/airflow/dags/streamings-dag.py for tasks to queue
[2023-09-06T20:27:03.276-0300] {logging_mixin.py:151} INFO - [2023-09-06T20:27:03.275-0300] {dagbag.py:539} INFO - Filling up the DagBag from /home/dany/airflow/dags/streamings-dag.py
[2023-09-06T20:27:03.296-0300] {processor.py:839} INFO - DAG(s) dict_keys(['streamings-dag']) retrieved from /home/dany/airflow/dags/streamings-dag.py
[2023-09-06T20:27:03.305-0300] {logging_mixin.py:151} INFO - [2023-09-06T20:27:03.305-0300] {dag.py:2907} INFO - Sync 1 DAGs
[2023-09-06T20:27:03.326-0300] {logging_mixin.py:151} INFO - [2023-09-06T20:27:03.326-0300] {dag.py:3677} INFO - Setting next_dagrun for streamings-dag to 2023-09-06T20:15:00+00:00, run_after=2023-09-07T20:15:00+00:00
[2023-09-06T20:27:03.370-0300] {processor.py:179} INFO - Processing /home/dany/airflow/dags/streamings-dag.py took 0.102 seconds
[2023-09-06T20:27:15.168-0300] {processor.py:157} INFO - Started process (PID=8199) to work on /home/dany/airflow/dags/streamings-dag.py
[2023-09-06T20:27:15.169-0300] {processor.py:829} INFO - Processing file /home/dany/airflow/dags/streamings-dag.py for tasks to queue
[2023-09-06T20:27:15.169-0300] {logging_mixin.py:151} INFO - [2023-09-06T20:27:15.169-0300] {dagbag.py:539} INFO - Filling up the DagBag from /home/dany/airflow/dags/streamings-dag.py
[2023-09-06T20:27:15.184-0300] {processor.py:839} INFO - DAG(s) dict_keys(['streamings-dag']) retrieved from /home/dany/airflow/dags/streamings-dag.py
[2023-09-06T20:27:15.195-0300] {logging_mixin.py:151} INFO - [2023-09-06T20:27:15.195-0300] {dag.py:2907} INFO - Sync 1 DAGs
[2023-09-06T20:27:15.219-0300] {logging_mixin.py:151} INFO - [2023-09-06T20:27:15.219-0300] {dag.py:3677} INFO - Setting next_dagrun for streamings-dag to 2023-09-06T20:15:00+00:00, run_after=2023-09-07T20:15:00+00:00
[2023-09-06T20:27:15.247-0300] {processor.py:179} INFO - Processing /home/dany/airflow/dags/streamings-dag.py took 0.082 seconds
[2023-09-06T20:27:32.412-0300] {processor.py:157} INFO - Started process (PID=8212) to work on /home/dany/airflow/dags/streamings-dag.py
[2023-09-06T20:27:32.414-0300] {processor.py:829} INFO - Processing file /home/dany/airflow/dags/streamings-dag.py for tasks to queue
[2023-09-06T20:27:32.416-0300] {logging_mixin.py:151} INFO - [2023-09-06T20:27:32.415-0300] {dagbag.py:539} INFO - Filling up the DagBag from /home/dany/airflow/dags/streamings-dag.py
[2023-09-06T20:27:32.437-0300] {processor.py:839} INFO - DAG(s) dict_keys(['streamings-dag']) retrieved from /home/dany/airflow/dags/streamings-dag.py
[2023-09-06T20:27:32.694-0300] {logging_mixin.py:151} INFO - [2023-09-06T20:27:32.693-0300] {dag.py:2907} INFO - Sync 1 DAGs
[2023-09-06T20:27:32.714-0300] {logging_mixin.py:151} INFO - [2023-09-06T20:27:32.713-0300] {dag.py:3677} INFO - Setting next_dagrun for streamings-dag to 2023-09-06T20:30:00+00:00, run_after=2023-09-07T20:30:00+00:00
[2023-09-06T20:27:32.737-0300] {processor.py:179} INFO - Processing /home/dany/airflow/dags/streamings-dag.py took 0.330 seconds
[2023-09-06T20:27:37.838-0300] {processor.py:157} INFO - Started process (PID=8218) to work on /home/dany/airflow/dags/streamings-dag.py
[2023-09-06T20:27:37.839-0300] {processor.py:829} INFO - Processing file /home/dany/airflow/dags/streamings-dag.py for tasks to queue
[2023-09-06T20:27:37.840-0300] {logging_mixin.py:151} INFO - [2023-09-06T20:27:37.840-0300] {dagbag.py:539} INFO - Filling up the DagBag from /home/dany/airflow/dags/streamings-dag.py
[2023-09-06T20:27:37.853-0300] {processor.py:839} INFO - DAG(s) dict_keys(['streamings-dag']) retrieved from /home/dany/airflow/dags/streamings-dag.py
[2023-09-06T20:27:37.860-0300] {logging_mixin.py:151} INFO - [2023-09-06T20:27:37.860-0300] {dag.py:2907} INFO - Sync 1 DAGs
[2023-09-06T20:27:37.878-0300] {logging_mixin.py:151} INFO - [2023-09-06T20:27:37.878-0300] {dag.py:3677} INFO - Setting next_dagrun for streamings-dag to 2023-09-06T20:30:00+00:00, run_after=2023-09-07T20:30:00+00:00
[2023-09-06T20:27:37.903-0300] {processor.py:179} INFO - Processing /home/dany/airflow/dags/streamings-dag.py took 0.068 seconds
[2023-09-06T20:28:08.068-0300] {processor.py:157} INFO - Started process (PID=8229) to work on /home/dany/airflow/dags/streamings-dag.py
[2023-09-06T20:28:08.070-0300] {processor.py:829} INFO - Processing file /home/dany/airflow/dags/streamings-dag.py for tasks to queue
[2023-09-06T20:28:08.072-0300] {logging_mixin.py:151} INFO - [2023-09-06T20:28:08.071-0300] {dagbag.py:539} INFO - Filling up the DagBag from /home/dany/airflow/dags/streamings-dag.py
[2023-09-06T20:28:08.088-0300] {processor.py:839} INFO - DAG(s) dict_keys(['streamings-dag']) retrieved from /home/dany/airflow/dags/streamings-dag.py
[2023-09-06T20:28:08.110-0300] {logging_mixin.py:151} INFO - [2023-09-06T20:28:08.109-0300] {dag.py:2907} INFO - Sync 1 DAGs
[2023-09-06T20:28:08.229-0300] {logging_mixin.py:151} INFO - [2023-09-06T20:28:08.229-0300] {dag.py:3677} INFO - Setting next_dagrun for streamings-dag to 2023-09-06T20:30:00+00:00, run_after=2023-09-07T20:30:00+00:00
[2023-09-06T20:28:08.257-0300] {processor.py:179} INFO - Processing /home/dany/airflow/dags/streamings-dag.py took 0.196 seconds
[2023-09-06T20:29:06.409-0300] {processor.py:157} INFO - Started process (PID=8450) to work on /home/dany/airflow/dags/streamings-dag.py
[2023-09-06T20:29:06.410-0300] {processor.py:829} INFO - Processing file /home/dany/airflow/dags/streamings-dag.py for tasks to queue
[2023-09-06T20:29:06.411-0300] {logging_mixin.py:151} INFO - [2023-09-06T20:29:06.411-0300] {dagbag.py:539} INFO - Filling up the DagBag from /home/dany/airflow/dags/streamings-dag.py
[2023-09-06T20:29:06.428-0300] {processor.py:839} INFO - DAG(s) dict_keys(['streamings-dag']) retrieved from /home/dany/airflow/dags/streamings-dag.py
[2023-09-06T20:29:06.447-0300] {logging_mixin.py:151} INFO - [2023-09-06T20:29:06.447-0300] {dag.py:2907} INFO - Sync 1 DAGs
[2023-09-06T20:29:06.639-0300] {logging_mixin.py:151} INFO - [2023-09-06T20:29:06.638-0300] {dag.py:3677} INFO - Setting next_dagrun for streamings-dag to 2023-09-06T20:30:00+00:00, run_after=2023-09-07T20:30:00+00:00
[2023-09-06T20:29:06.673-0300] {processor.py:179} INFO - Processing /home/dany/airflow/dags/streamings-dag.py took 0.268 seconds
[2023-09-06T20:29:37.765-0300] {processor.py:157} INFO - Started process (PID=8453) to work on /home/dany/airflow/dags/streamings-dag.py
[2023-09-06T20:29:37.767-0300] {processor.py:829} INFO - Processing file /home/dany/airflow/dags/streamings-dag.py for tasks to queue
[2023-09-06T20:29:37.769-0300] {logging_mixin.py:151} INFO - [2023-09-06T20:29:37.768-0300] {dagbag.py:539} INFO - Filling up the DagBag from /home/dany/airflow/dags/streamings-dag.py
[2023-09-06T20:29:37.787-0300] {processor.py:839} INFO - DAG(s) dict_keys(['streamings-dag']) retrieved from /home/dany/airflow/dags/streamings-dag.py
[2023-09-06T20:29:37.808-0300] {logging_mixin.py:151} INFO - [2023-09-06T20:29:37.808-0300] {dag.py:2907} INFO - Sync 1 DAGs
[2023-09-06T20:29:37.934-0300] {logging_mixin.py:151} INFO - [2023-09-06T20:29:37.934-0300] {dag.py:3677} INFO - Setting next_dagrun for streamings-dag to 2023-09-06T20:30:00+00:00, run_after=2023-09-07T20:30:00+00:00
[2023-09-06T20:29:37.968-0300] {processor.py:179} INFO - Processing /home/dany/airflow/dags/streamings-dag.py took 0.207 seconds
[2023-09-06T20:30:08.388-0300] {processor.py:157} INFO - Started process (PID=8455) to work on /home/dany/airflow/dags/streamings-dag.py
[2023-09-06T20:30:08.391-0300] {processor.py:829} INFO - Processing file /home/dany/airflow/dags/streamings-dag.py for tasks to queue
[2023-09-06T20:30:08.392-0300] {logging_mixin.py:151} INFO - [2023-09-06T20:30:08.392-0300] {dagbag.py:539} INFO - Filling up the DagBag from /home/dany/airflow/dags/streamings-dag.py
[2023-09-06T20:30:08.413-0300] {processor.py:839} INFO - DAG(s) dict_keys(['streamings-dag']) retrieved from /home/dany/airflow/dags/streamings-dag.py
[2023-09-06T20:30:08.526-0300] {logging_mixin.py:151} INFO - [2023-09-06T20:30:08.526-0300] {dag.py:2907} INFO - Sync 1 DAGs
[2023-09-06T20:30:08.556-0300] {logging_mixin.py:151} INFO - [2023-09-06T20:30:08.556-0300] {dag.py:3677} INFO - Setting next_dagrun for streamings-dag to 2023-09-06T20:30:00+00:00, run_after=2023-09-07T20:30:00+00:00
[2023-09-06T20:30:08.583-0300] {processor.py:179} INFO - Processing /home/dany/airflow/dags/streamings-dag.py took 0.202 seconds
[2023-09-06T20:30:38.826-0300] {processor.py:157} INFO - Started process (PID=8469) to work on /home/dany/airflow/dags/streamings-dag.py
[2023-09-06T20:30:38.827-0300] {processor.py:829} INFO - Processing file /home/dany/airflow/dags/streamings-dag.py for tasks to queue
[2023-09-06T20:30:38.828-0300] {logging_mixin.py:151} INFO - [2023-09-06T20:30:38.828-0300] {dagbag.py:539} INFO - Filling up the DagBag from /home/dany/airflow/dags/streamings-dag.py
[2023-09-06T20:30:38.843-0300] {processor.py:839} INFO - DAG(s) dict_keys(['streamings-dag']) retrieved from /home/dany/airflow/dags/streamings-dag.py
[2023-09-06T20:30:38.955-0300] {logging_mixin.py:151} INFO - [2023-09-06T20:30:38.955-0300] {dag.py:2907} INFO - Sync 1 DAGs
[2023-09-06T20:30:38.979-0300] {logging_mixin.py:151} INFO - [2023-09-06T20:30:38.979-0300] {dag.py:3677} INFO - Setting next_dagrun for streamings-dag to 2023-09-06T20:30:00+00:00, run_after=2023-09-07T20:30:00+00:00
[2023-09-06T20:30:39.004-0300] {processor.py:179} INFO - Processing /home/dany/airflow/dags/streamings-dag.py took 0.181 seconds
[2023-09-06T20:31:09.365-0300] {processor.py:157} INFO - Started process (PID=8470) to work on /home/dany/airflow/dags/streamings-dag.py
[2023-09-06T20:31:09.367-0300] {processor.py:829} INFO - Processing file /home/dany/airflow/dags/streamings-dag.py for tasks to queue
[2023-09-06T20:31:09.368-0300] {logging_mixin.py:151} INFO - [2023-09-06T20:31:09.368-0300] {dagbag.py:539} INFO - Filling up the DagBag from /home/dany/airflow/dags/streamings-dag.py
[2023-09-06T20:31:09.477-0300] {processor.py:839} INFO - DAG(s) dict_keys(['streamings-dag']) retrieved from /home/dany/airflow/dags/streamings-dag.py
[2023-09-06T20:31:09.497-0300] {logging_mixin.py:151} INFO - [2023-09-06T20:31:09.497-0300] {dag.py:2907} INFO - Sync 1 DAGs
[2023-09-06T20:31:09.518-0300] {logging_mixin.py:151} INFO - [2023-09-06T20:31:09.517-0300] {dag.py:3677} INFO - Setting next_dagrun for streamings-dag to 2023-09-06T20:30:00+00:00, run_after=2023-09-07T20:30:00+00:00
[2023-09-06T20:31:09.542-0300] {processor.py:179} INFO - Processing /home/dany/airflow/dags/streamings-dag.py took 0.183 seconds
[2023-09-06T20:31:39.873-0300] {processor.py:157} INFO - Started process (PID=8477) to work on /home/dany/airflow/dags/streamings-dag.py
[2023-09-06T20:31:39.875-0300] {processor.py:829} INFO - Processing file /home/dany/airflow/dags/streamings-dag.py for tasks to queue
[2023-09-06T20:31:39.876-0300] {logging_mixin.py:151} INFO - [2023-09-06T20:31:39.875-0300] {dagbag.py:539} INFO - Filling up the DagBag from /home/dany/airflow/dags/streamings-dag.py
[2023-09-06T20:31:39.893-0300] {processor.py:839} INFO - DAG(s) dict_keys(['streamings-dag']) retrieved from /home/dany/airflow/dags/streamings-dag.py
[2023-09-06T20:31:39.912-0300] {logging_mixin.py:151} INFO - [2023-09-06T20:31:39.912-0300] {dag.py:2907} INFO - Sync 1 DAGs
[2023-09-06T20:31:39.933-0300] {logging_mixin.py:151} INFO - [2023-09-06T20:31:39.932-0300] {dag.py:3677} INFO - Setting next_dagrun for streamings-dag to 2023-09-06T20:30:00+00:00, run_after=2023-09-07T20:30:00+00:00
[2023-09-06T20:31:39.961-0300] {processor.py:179} INFO - Processing /home/dany/airflow/dags/streamings-dag.py took 0.094 seconds
[2023-09-06T20:32:10.296-0300] {processor.py:157} INFO - Started process (PID=8478) to work on /home/dany/airflow/dags/streamings-dag.py
[2023-09-06T20:32:10.298-0300] {processor.py:829} INFO - Processing file /home/dany/airflow/dags/streamings-dag.py for tasks to queue
[2023-09-06T20:32:10.300-0300] {logging_mixin.py:151} INFO - [2023-09-06T20:32:10.299-0300] {dagbag.py:539} INFO - Filling up the DagBag from /home/dany/airflow/dags/streamings-dag.py
[2023-09-06T20:32:10.321-0300] {processor.py:839} INFO - DAG(s) dict_keys(['streamings-dag']) retrieved from /home/dany/airflow/dags/streamings-dag.py
[2023-09-06T20:32:10.341-0300] {logging_mixin.py:151} INFO - [2023-09-06T20:32:10.341-0300] {dag.py:2907} INFO - Sync 1 DAGs
[2023-09-06T20:32:10.359-0300] {logging_mixin.py:151} INFO - [2023-09-06T20:32:10.359-0300] {dag.py:3677} INFO - Setting next_dagrun for streamings-dag to 2023-09-06T20:30:00+00:00, run_after=2023-09-07T20:30:00+00:00
[2023-09-06T20:32:10.382-0300] {processor.py:179} INFO - Processing /home/dany/airflow/dags/streamings-dag.py took 0.093 seconds
[2023-09-06T20:32:40.733-0300] {processor.py:157} INFO - Started process (PID=8480) to work on /home/dany/airflow/dags/streamings-dag.py
[2023-09-06T20:32:40.735-0300] {processor.py:829} INFO - Processing file /home/dany/airflow/dags/streamings-dag.py for tasks to queue
[2023-09-06T20:32:40.736-0300] {logging_mixin.py:151} INFO - [2023-09-06T20:32:40.736-0300] {dagbag.py:539} INFO - Filling up the DagBag from /home/dany/airflow/dags/streamings-dag.py
[2023-09-06T20:32:40.754-0300] {processor.py:839} INFO - DAG(s) dict_keys(['streamings-dag']) retrieved from /home/dany/airflow/dags/streamings-dag.py
[2023-09-06T20:32:40.775-0300] {logging_mixin.py:151} INFO - [2023-09-06T20:32:40.775-0300] {dag.py:2907} INFO - Sync 1 DAGs
[2023-09-06T20:32:40.794-0300] {logging_mixin.py:151} INFO - [2023-09-06T20:32:40.793-0300] {dag.py:3677} INFO - Setting next_dagrun for streamings-dag to 2023-09-06T20:30:00+00:00, run_after=2023-09-07T20:30:00+00:00
[2023-09-06T20:32:40.822-0300] {processor.py:179} INFO - Processing /home/dany/airflow/dags/streamings-dag.py took 0.094 seconds
[2023-09-06T20:33:11.285-0300] {processor.py:157} INFO - Started process (PID=8481) to work on /home/dany/airflow/dags/streamings-dag.py
[2023-09-06T20:33:11.287-0300] {processor.py:829} INFO - Processing file /home/dany/airflow/dags/streamings-dag.py for tasks to queue
[2023-09-06T20:33:11.289-0300] {logging_mixin.py:151} INFO - [2023-09-06T20:33:11.288-0300] {dagbag.py:539} INFO - Filling up the DagBag from /home/dany/airflow/dags/streamings-dag.py
[2023-09-06T20:33:11.309-0300] {processor.py:839} INFO - DAG(s) dict_keys(['streamings-dag']) retrieved from /home/dany/airflow/dags/streamings-dag.py
[2023-09-06T20:33:11.329-0300] {logging_mixin.py:151} INFO - [2023-09-06T20:33:11.329-0300] {dag.py:2907} INFO - Sync 1 DAGs
[2023-09-06T20:33:11.349-0300] {logging_mixin.py:151} INFO - [2023-09-06T20:33:11.348-0300] {dag.py:3677} INFO - Setting next_dagrun for streamings-dag to 2023-09-06T20:30:00+00:00, run_after=2023-09-07T20:30:00+00:00
[2023-09-06T20:33:11.378-0300] {processor.py:179} INFO - Processing /home/dany/airflow/dags/streamings-dag.py took 0.097 seconds
[2023-09-06T20:33:41.706-0300] {processor.py:157} INFO - Started process (PID=8490) to work on /home/dany/airflow/dags/streamings-dag.py
[2023-09-06T20:33:41.708-0300] {processor.py:829} INFO - Processing file /home/dany/airflow/dags/streamings-dag.py for tasks to queue
[2023-09-06T20:33:41.709-0300] {logging_mixin.py:151} INFO - [2023-09-06T20:33:41.708-0300] {dagbag.py:539} INFO - Filling up the DagBag from /home/dany/airflow/dags/streamings-dag.py
[2023-09-06T20:33:41.725-0300] {processor.py:839} INFO - DAG(s) dict_keys(['streamings-dag']) retrieved from /home/dany/airflow/dags/streamings-dag.py
[2023-09-06T20:33:41.748-0300] {logging_mixin.py:151} INFO - [2023-09-06T20:33:41.747-0300] {dag.py:2907} INFO - Sync 1 DAGs
[2023-09-06T20:33:41.767-0300] {logging_mixin.py:151} INFO - [2023-09-06T20:33:41.767-0300] {dag.py:3677} INFO - Setting next_dagrun for streamings-dag to 2023-09-06T20:30:00+00:00, run_after=2023-09-07T20:30:00+00:00
[2023-09-06T20:33:41.790-0300] {processor.py:179} INFO - Processing /home/dany/airflow/dags/streamings-dag.py took 0.087 seconds
[2023-09-06T20:34:44.380-0300] {processor.py:157} INFO - Started process (PID=8718) to work on /home/dany/airflow/dags/streamings-dag.py
[2023-09-06T20:34:44.381-0300] {processor.py:829} INFO - Processing file /home/dany/airflow/dags/streamings-dag.py for tasks to queue
[2023-09-06T20:34:44.382-0300] {logging_mixin.py:151} INFO - [2023-09-06T20:34:44.382-0300] {dagbag.py:539} INFO - Filling up the DagBag from /home/dany/airflow/dags/streamings-dag.py
[2023-09-06T20:34:44.395-0300] {processor.py:839} INFO - DAG(s) dict_keys(['streamings-dag']) retrieved from /home/dany/airflow/dags/streamings-dag.py
[2023-09-06T20:34:44.419-0300] {logging_mixin.py:151} INFO - [2023-09-06T20:34:44.418-0300] {dag.py:2907} INFO - Sync 1 DAGs
[2023-09-06T20:34:44.439-0300] {logging_mixin.py:151} INFO - [2023-09-06T20:34:44.439-0300] {dag.py:3677} INFO - Setting next_dagrun for streamings-dag to 2023-09-06T20:30:00+00:00, run_after=2023-09-07T20:30:00+00:00
[2023-09-06T20:34:44.471-0300] {processor.py:179} INFO - Processing /home/dany/airflow/dags/streamings-dag.py took 0.094 seconds
[2023-09-06T20:35:14.495-0300] {processor.py:157} INFO - Started process (PID=8734) to work on /home/dany/airflow/dags/streamings-dag.py
[2023-09-06T20:35:14.497-0300] {processor.py:829} INFO - Processing file /home/dany/airflow/dags/streamings-dag.py for tasks to queue
[2023-09-06T20:35:14.499-0300] {logging_mixin.py:151} INFO - [2023-09-06T20:35:14.498-0300] {dagbag.py:539} INFO - Filling up the DagBag from /home/dany/airflow/dags/streamings-dag.py
[2023-09-06T20:35:14.539-0300] {processor.py:839} INFO - DAG(s) dict_keys(['streamings-dag']) retrieved from /home/dany/airflow/dags/streamings-dag.py
[2023-09-06T20:35:14.572-0300] {logging_mixin.py:151} INFO - [2023-09-06T20:35:14.572-0300] {dag.py:2907} INFO - Sync 1 DAGs
[2023-09-06T20:35:14.597-0300] {logging_mixin.py:151} INFO - [2023-09-06T20:35:14.597-0300] {dag.py:3677} INFO - Setting next_dagrun for streamings-dag to 2023-09-06T20:30:00+00:00, run_after=2023-09-07T20:30:00+00:00
[2023-09-06T20:35:14.622-0300] {processor.py:179} INFO - Processing /home/dany/airflow/dags/streamings-dag.py took 0.137 seconds
[2023-09-06T20:35:44.838-0300] {processor.py:157} INFO - Started process (PID=8752) to work on /home/dany/airflow/dags/streamings-dag.py
[2023-09-06T20:35:44.840-0300] {processor.py:829} INFO - Processing file /home/dany/airflow/dags/streamings-dag.py for tasks to queue
[2023-09-06T20:35:44.840-0300] {logging_mixin.py:151} INFO - [2023-09-06T20:35:44.840-0300] {dagbag.py:539} INFO - Filling up the DagBag from /home/dany/airflow/dags/streamings-dag.py
[2023-09-06T20:35:44.857-0300] {processor.py:839} INFO - DAG(s) dict_keys(['streamings-dag']) retrieved from /home/dany/airflow/dags/streamings-dag.py
[2023-09-06T20:35:44.880-0300] {logging_mixin.py:151} INFO - [2023-09-06T20:35:44.880-0300] {dag.py:2907} INFO - Sync 1 DAGs
[2023-09-06T20:35:44.903-0300] {logging_mixin.py:151} INFO - [2023-09-06T20:35:44.902-0300] {dag.py:3677} INFO - Setting next_dagrun for streamings-dag to 2023-09-06T20:30:00+00:00, run_after=2023-09-07T20:30:00+00:00
[2023-09-06T20:35:44.930-0300] {processor.py:179} INFO - Processing /home/dany/airflow/dags/streamings-dag.py took 0.094 seconds
[2023-09-06T20:36:15.070-0300] {processor.py:157} INFO - Started process (PID=8758) to work on /home/dany/airflow/dags/streamings-dag.py
[2023-09-06T20:36:15.072-0300] {processor.py:829} INFO - Processing file /home/dany/airflow/dags/streamings-dag.py for tasks to queue
[2023-09-06T20:36:15.073-0300] {logging_mixin.py:151} INFO - [2023-09-06T20:36:15.073-0300] {dagbag.py:539} INFO - Filling up the DagBag from /home/dany/airflow/dags/streamings-dag.py
[2023-09-06T20:36:15.090-0300] {processor.py:839} INFO - DAG(s) dict_keys(['streamings-dag']) retrieved from /home/dany/airflow/dags/streamings-dag.py
[2023-09-06T20:36:15.113-0300] {logging_mixin.py:151} INFO - [2023-09-06T20:36:15.113-0300] {dag.py:2907} INFO - Sync 1 DAGs
[2023-09-06T20:36:15.136-0300] {logging_mixin.py:151} INFO - [2023-09-06T20:36:15.136-0300] {dag.py:3677} INFO - Setting next_dagrun for streamings-dag to 2023-09-06T20:30:00+00:00, run_after=2023-09-07T20:30:00+00:00
[2023-09-06T20:36:15.162-0300] {processor.py:179} INFO - Processing /home/dany/airflow/dags/streamings-dag.py took 0.097 seconds
[2023-09-06T20:36:45.481-0300] {processor.py:157} INFO - Started process (PID=8765) to work on /home/dany/airflow/dags/streamings-dag.py
[2023-09-06T20:36:45.483-0300] {processor.py:829} INFO - Processing file /home/dany/airflow/dags/streamings-dag.py for tasks to queue
[2023-09-06T20:36:45.484-0300] {logging_mixin.py:151} INFO - [2023-09-06T20:36:45.484-0300] {dagbag.py:539} INFO - Filling up the DagBag from /home/dany/airflow/dags/streamings-dag.py
[2023-09-06T20:36:45.501-0300] {processor.py:839} INFO - DAG(s) dict_keys(['streamings-dag']) retrieved from /home/dany/airflow/dags/streamings-dag.py
[2023-09-06T20:36:45.521-0300] {logging_mixin.py:151} INFO - [2023-09-06T20:36:45.521-0300] {dag.py:2907} INFO - Sync 1 DAGs
[2023-09-06T20:36:45.544-0300] {logging_mixin.py:151} INFO - [2023-09-06T20:36:45.544-0300] {dag.py:3677} INFO - Setting next_dagrun for streamings-dag to 2023-09-06T20:30:00+00:00, run_after=2023-09-07T20:30:00+00:00
[2023-09-06T20:36:45.574-0300] {processor.py:179} INFO - Processing /home/dany/airflow/dags/streamings-dag.py took 0.097 seconds
[2023-09-06T20:37:15.906-0300] {processor.py:157} INFO - Started process (PID=8768) to work on /home/dany/airflow/dags/streamings-dag.py
[2023-09-06T20:37:15.909-0300] {processor.py:829} INFO - Processing file /home/dany/airflow/dags/streamings-dag.py for tasks to queue
[2023-09-06T20:37:15.910-0300] {logging_mixin.py:151} INFO - [2023-09-06T20:37:15.910-0300] {dagbag.py:539} INFO - Filling up the DagBag from /home/dany/airflow/dags/streamings-dag.py
[2023-09-06T20:37:15.931-0300] {processor.py:839} INFO - DAG(s) dict_keys(['streamings-dag']) retrieved from /home/dany/airflow/dags/streamings-dag.py
[2023-09-06T20:37:15.952-0300] {logging_mixin.py:151} INFO - [2023-09-06T20:37:15.952-0300] {dag.py:2907} INFO - Sync 1 DAGs
[2023-09-06T20:37:15.971-0300] {logging_mixin.py:151} INFO - [2023-09-06T20:37:15.971-0300] {dag.py:3677} INFO - Setting next_dagrun for streamings-dag to 2023-09-06T20:30:00+00:00, run_after=2023-09-07T20:30:00+00:00
[2023-09-06T20:37:15.995-0300] {processor.py:179} INFO - Processing /home/dany/airflow/dags/streamings-dag.py took 0.098 seconds
[2023-09-06T20:37:46.286-0300] {processor.py:157} INFO - Started process (PID=8770) to work on /home/dany/airflow/dags/streamings-dag.py
[2023-09-06T20:37:46.288-0300] {processor.py:829} INFO - Processing file /home/dany/airflow/dags/streamings-dag.py for tasks to queue
[2023-09-06T20:37:46.290-0300] {logging_mixin.py:151} INFO - [2023-09-06T20:37:46.289-0300] {dagbag.py:539} INFO - Filling up the DagBag from /home/dany/airflow/dags/streamings-dag.py
[2023-09-06T20:37:46.314-0300] {processor.py:839} INFO - DAG(s) dict_keys(['streamings-dag']) retrieved from /home/dany/airflow/dags/streamings-dag.py
[2023-09-06T20:37:46.334-0300] {logging_mixin.py:151} INFO - [2023-09-06T20:37:46.334-0300] {dag.py:2907} INFO - Sync 1 DAGs
[2023-09-06T20:37:46.353-0300] {logging_mixin.py:151} INFO - [2023-09-06T20:37:46.353-0300] {dag.py:3677} INFO - Setting next_dagrun for streamings-dag to 2023-09-06T20:30:00+00:00, run_after=2023-09-07T20:30:00+00:00
[2023-09-06T20:37:46.375-0300] {processor.py:179} INFO - Processing /home/dany/airflow/dags/streamings-dag.py took 0.096 seconds
[2023-09-06T20:38:16.670-0300] {processor.py:157} INFO - Started process (PID=8771) to work on /home/dany/airflow/dags/streamings-dag.py
[2023-09-06T20:38:16.672-0300] {processor.py:829} INFO - Processing file /home/dany/airflow/dags/streamings-dag.py for tasks to queue
[2023-09-06T20:38:16.673-0300] {logging_mixin.py:151} INFO - [2023-09-06T20:38:16.673-0300] {dagbag.py:539} INFO - Filling up the DagBag from /home/dany/airflow/dags/streamings-dag.py
[2023-09-06T20:38:16.693-0300] {processor.py:839} INFO - DAG(s) dict_keys(['streamings-dag']) retrieved from /home/dany/airflow/dags/streamings-dag.py
[2023-09-06T20:38:16.714-0300] {logging_mixin.py:151} INFO - [2023-09-06T20:38:16.714-0300] {dag.py:2907} INFO - Sync 1 DAGs
[2023-09-06T20:38:16.732-0300] {logging_mixin.py:151} INFO - [2023-09-06T20:38:16.731-0300] {dag.py:3677} INFO - Setting next_dagrun for streamings-dag to 2023-09-06T20:30:00+00:00, run_after=2023-09-07T20:30:00+00:00
[2023-09-06T20:38:16.758-0300] {processor.py:179} INFO - Processing /home/dany/airflow/dags/streamings-dag.py took 0.095 seconds
[2023-09-06T20:38:46.932-0300] {processor.py:157} INFO - Started process (PID=8773) to work on /home/dany/airflow/dags/streamings-dag.py
[2023-09-06T20:38:46.934-0300] {processor.py:829} INFO - Processing file /home/dany/airflow/dags/streamings-dag.py for tasks to queue
[2023-09-06T20:38:46.936-0300] {logging_mixin.py:151} INFO - [2023-09-06T20:38:46.935-0300] {dagbag.py:539} INFO - Filling up the DagBag from /home/dany/airflow/dags/streamings-dag.py
[2023-09-06T20:38:46.957-0300] {processor.py:839} INFO - DAG(s) dict_keys(['streamings-dag']) retrieved from /home/dany/airflow/dags/streamings-dag.py
[2023-09-06T20:38:46.979-0300] {logging_mixin.py:151} INFO - [2023-09-06T20:38:46.979-0300] {dag.py:2907} INFO - Sync 1 DAGs
[2023-09-06T20:38:46.998-0300] {logging_mixin.py:151} INFO - [2023-09-06T20:38:46.998-0300] {dag.py:3677} INFO - Setting next_dagrun for streamings-dag to 2023-09-06T20:30:00+00:00, run_after=2023-09-07T20:30:00+00:00
[2023-09-06T20:38:47.024-0300] {processor.py:179} INFO - Processing /home/dany/airflow/dags/streamings-dag.py took 0.097 seconds
[2023-09-06T20:39:17.311-0300] {processor.py:157} INFO - Started process (PID=8774) to work on /home/dany/airflow/dags/streamings-dag.py
[2023-09-06T20:39:17.313-0300] {processor.py:829} INFO - Processing file /home/dany/airflow/dags/streamings-dag.py for tasks to queue
[2023-09-06T20:39:17.314-0300] {logging_mixin.py:151} INFO - [2023-09-06T20:39:17.314-0300] {dagbag.py:539} INFO - Filling up the DagBag from /home/dany/airflow/dags/streamings-dag.py
[2023-09-06T20:39:17.330-0300] {processor.py:839} INFO - DAG(s) dict_keys(['streamings-dag']) retrieved from /home/dany/airflow/dags/streamings-dag.py
[2023-09-06T20:39:17.350-0300] {logging_mixin.py:151} INFO - [2023-09-06T20:39:17.350-0300] {dag.py:2907} INFO - Sync 1 DAGs
[2023-09-06T20:39:17.373-0300] {logging_mixin.py:151} INFO - [2023-09-06T20:39:17.373-0300] {dag.py:3677} INFO - Setting next_dagrun for streamings-dag to 2023-09-06T20:30:00+00:00, run_after=2023-09-07T20:30:00+00:00
[2023-09-06T20:39:17.397-0300] {processor.py:179} INFO - Processing /home/dany/airflow/dags/streamings-dag.py took 0.089 seconds
[2023-09-06T20:39:47.453-0300] {processor.py:157} INFO - Started process (PID=8780) to work on /home/dany/airflow/dags/streamings-dag.py
[2023-09-06T20:39:47.456-0300] {processor.py:829} INFO - Processing file /home/dany/airflow/dags/streamings-dag.py for tasks to queue
[2023-09-06T20:39:47.457-0300] {logging_mixin.py:151} INFO - [2023-09-06T20:39:47.457-0300] {dagbag.py:539} INFO - Filling up the DagBag from /home/dany/airflow/dags/streamings-dag.py
[2023-09-06T20:39:47.480-0300] {processor.py:839} INFO - DAG(s) dict_keys(['streamings-dag']) retrieved from /home/dany/airflow/dags/streamings-dag.py
[2023-09-06T20:39:47.507-0300] {logging_mixin.py:151} INFO - [2023-09-06T20:39:47.507-0300] {dag.py:2907} INFO - Sync 1 DAGs
[2023-09-06T20:39:47.529-0300] {logging_mixin.py:151} INFO - [2023-09-06T20:39:47.529-0300] {dag.py:3677} INFO - Setting next_dagrun for streamings-dag to 2023-09-06T20:30:00+00:00, run_after=2023-09-07T20:30:00+00:00
[2023-09-06T20:39:47.552-0300] {processor.py:179} INFO - Processing /home/dany/airflow/dags/streamings-dag.py took 0.106 seconds
[2023-09-06T20:40:17.787-0300] {processor.py:157} INFO - Started process (PID=8781) to work on /home/dany/airflow/dags/streamings-dag.py
[2023-09-06T20:40:17.789-0300] {processor.py:829} INFO - Processing file /home/dany/airflow/dags/streamings-dag.py for tasks to queue
[2023-09-06T20:40:17.790-0300] {logging_mixin.py:151} INFO - [2023-09-06T20:40:17.789-0300] {dagbag.py:539} INFO - Filling up the DagBag from /home/dany/airflow/dags/streamings-dag.py
[2023-09-06T20:40:17.808-0300] {processor.py:839} INFO - DAG(s) dict_keys(['streamings-dag']) retrieved from /home/dany/airflow/dags/streamings-dag.py
[2023-09-06T20:40:17.829-0300] {logging_mixin.py:151} INFO - [2023-09-06T20:40:17.829-0300] {dag.py:2907} INFO - Sync 1 DAGs
[2023-09-06T20:40:17.848-0300] {logging_mixin.py:151} INFO - [2023-09-06T20:40:17.847-0300] {dag.py:3677} INFO - Setting next_dagrun for streamings-dag to 2023-09-06T20:30:00+00:00, run_after=2023-09-07T20:30:00+00:00
[2023-09-06T20:40:17.871-0300] {processor.py:179} INFO - Processing /home/dany/airflow/dags/streamings-dag.py took 0.088 seconds
[2023-09-06T20:40:48.034-0300] {processor.py:157} INFO - Started process (PID=8783) to work on /home/dany/airflow/dags/streamings-dag.py
[2023-09-06T20:40:48.036-0300] {processor.py:829} INFO - Processing file /home/dany/airflow/dags/streamings-dag.py for tasks to queue
[2023-09-06T20:40:48.038-0300] {logging_mixin.py:151} INFO - [2023-09-06T20:40:48.037-0300] {dagbag.py:539} INFO - Filling up the DagBag from /home/dany/airflow/dags/streamings-dag.py
[2023-09-06T20:40:48.059-0300] {processor.py:839} INFO - DAG(s) dict_keys(['streamings-dag']) retrieved from /home/dany/airflow/dags/streamings-dag.py
[2023-09-06T20:40:48.079-0300] {logging_mixin.py:151} INFO - [2023-09-06T20:40:48.079-0300] {dag.py:2907} INFO - Sync 1 DAGs
[2023-09-06T20:40:48.098-0300] {logging_mixin.py:151} INFO - [2023-09-06T20:40:48.098-0300] {dag.py:3677} INFO - Setting next_dagrun for streamings-dag to 2023-09-06T20:30:00+00:00, run_after=2023-09-07T20:30:00+00:00
[2023-09-06T20:40:48.125-0300] {processor.py:179} INFO - Processing /home/dany/airflow/dags/streamings-dag.py took 0.099 seconds
[2023-09-06T20:41:18.366-0300] {processor.py:157} INFO - Started process (PID=8784) to work on /home/dany/airflow/dags/streamings-dag.py
[2023-09-06T20:41:18.368-0300] {processor.py:829} INFO - Processing file /home/dany/airflow/dags/streamings-dag.py for tasks to queue
[2023-09-06T20:41:18.369-0300] {logging_mixin.py:151} INFO - [2023-09-06T20:41:18.368-0300] {dagbag.py:539} INFO - Filling up the DagBag from /home/dany/airflow/dags/streamings-dag.py
[2023-09-06T20:41:18.389-0300] {processor.py:839} INFO - DAG(s) dict_keys(['streamings-dag']) retrieved from /home/dany/airflow/dags/streamings-dag.py
[2023-09-06T20:41:18.414-0300] {logging_mixin.py:151} INFO - [2023-09-06T20:41:18.413-0300] {dag.py:2907} INFO - Sync 1 DAGs
[2023-09-06T20:41:18.444-0300] {logging_mixin.py:151} INFO - [2023-09-06T20:41:18.444-0300] {dag.py:3677} INFO - Setting next_dagrun for streamings-dag to 2023-09-06T20:30:00+00:00, run_after=2023-09-07T20:30:00+00:00
[2023-09-06T20:41:18.482-0300] {processor.py:179} INFO - Processing /home/dany/airflow/dags/streamings-dag.py took 0.122 seconds
[2023-09-06T20:41:48.779-0300] {processor.py:157} INFO - Started process (PID=8786) to work on /home/dany/airflow/dags/streamings-dag.py
[2023-09-06T20:41:48.782-0300] {processor.py:829} INFO - Processing file /home/dany/airflow/dags/streamings-dag.py for tasks to queue
[2023-09-06T20:41:48.784-0300] {logging_mixin.py:151} INFO - [2023-09-06T20:41:48.783-0300] {dagbag.py:539} INFO - Filling up the DagBag from /home/dany/airflow/dags/streamings-dag.py
[2023-09-06T20:41:48.801-0300] {processor.py:839} INFO - DAG(s) dict_keys(['streamings-dag']) retrieved from /home/dany/airflow/dags/streamings-dag.py
[2023-09-06T20:41:48.819-0300] {logging_mixin.py:151} INFO - [2023-09-06T20:41:48.819-0300] {dag.py:2907} INFO - Sync 1 DAGs
[2023-09-06T20:41:48.837-0300] {logging_mixin.py:151} INFO - [2023-09-06T20:41:48.837-0300] {dag.py:3677} INFO - Setting next_dagrun for streamings-dag to 2023-09-06T20:30:00+00:00, run_after=2023-09-07T20:30:00+00:00
[2023-09-06T20:41:48.858-0300] {processor.py:179} INFO - Processing /home/dany/airflow/dags/streamings-dag.py took 0.093 seconds
[2023-09-06T20:42:19.037-0300] {processor.py:157} INFO - Started process (PID=8787) to work on /home/dany/airflow/dags/streamings-dag.py
[2023-09-06T20:42:19.040-0300] {processor.py:829} INFO - Processing file /home/dany/airflow/dags/streamings-dag.py for tasks to queue
[2023-09-06T20:42:19.041-0300] {logging_mixin.py:151} INFO - [2023-09-06T20:42:19.041-0300] {dagbag.py:539} INFO - Filling up the DagBag from /home/dany/airflow/dags/streamings-dag.py
[2023-09-06T20:42:19.059-0300] {processor.py:839} INFO - DAG(s) dict_keys(['streamings-dag']) retrieved from /home/dany/airflow/dags/streamings-dag.py
[2023-09-06T20:42:19.081-0300] {logging_mixin.py:151} INFO - [2023-09-06T20:42:19.081-0300] {dag.py:2907} INFO - Sync 1 DAGs
[2023-09-06T20:42:19.104-0300] {logging_mixin.py:151} INFO - [2023-09-06T20:42:19.104-0300] {dag.py:3677} INFO - Setting next_dagrun for streamings-dag to 2023-09-06T20:30:00+00:00, run_after=2023-09-07T20:30:00+00:00
[2023-09-06T20:42:19.130-0300] {processor.py:179} INFO - Processing /home/dany/airflow/dags/streamings-dag.py took 0.120 seconds
[2023-09-06T20:42:49.381-0300] {processor.py:157} INFO - Started process (PID=8789) to work on /home/dany/airflow/dags/streamings-dag.py
[2023-09-06T20:42:49.383-0300] {processor.py:829} INFO - Processing file /home/dany/airflow/dags/streamings-dag.py for tasks to queue
[2023-09-06T20:42:49.384-0300] {logging_mixin.py:151} INFO - [2023-09-06T20:42:49.384-0300] {dagbag.py:539} INFO - Filling up the DagBag from /home/dany/airflow/dags/streamings-dag.py
[2023-09-06T20:42:49.402-0300] {processor.py:839} INFO - DAG(s) dict_keys(['streamings-dag']) retrieved from /home/dany/airflow/dags/streamings-dag.py
[2023-09-06T20:42:49.423-0300] {logging_mixin.py:151} INFO - [2023-09-06T20:42:49.423-0300] {dag.py:2907} INFO - Sync 1 DAGs
[2023-09-06T20:42:49.444-0300] {logging_mixin.py:151} INFO - [2023-09-06T20:42:49.444-0300] {dag.py:3677} INFO - Setting next_dagrun for streamings-dag to 2023-09-06T20:30:00+00:00, run_after=2023-09-07T20:30:00+00:00
[2023-09-06T20:42:49.469-0300] {processor.py:179} INFO - Processing /home/dany/airflow/dags/streamings-dag.py took 0.092 seconds
[2023-09-06T20:43:19.736-0300] {processor.py:157} INFO - Started process (PID=8790) to work on /home/dany/airflow/dags/streamings-dag.py
[2023-09-06T20:43:19.738-0300] {processor.py:829} INFO - Processing file /home/dany/airflow/dags/streamings-dag.py for tasks to queue
[2023-09-06T20:43:19.739-0300] {logging_mixin.py:151} INFO - [2023-09-06T20:43:19.738-0300] {dagbag.py:539} INFO - Filling up the DagBag from /home/dany/airflow/dags/streamings-dag.py
[2023-09-06T20:43:19.758-0300] {processor.py:839} INFO - DAG(s) dict_keys(['streamings-dag']) retrieved from /home/dany/airflow/dags/streamings-dag.py
[2023-09-06T20:43:19.782-0300] {logging_mixin.py:151} INFO - [2023-09-06T20:43:19.782-0300] {dag.py:2907} INFO - Sync 1 DAGs
[2023-09-06T20:43:19.801-0300] {logging_mixin.py:151} INFO - [2023-09-06T20:43:19.800-0300] {dag.py:3677} INFO - Setting next_dagrun for streamings-dag to 2023-09-06T20:30:00+00:00, run_after=2023-09-07T20:30:00+00:00
[2023-09-06T20:43:19.823-0300] {processor.py:179} INFO - Processing /home/dany/airflow/dags/streamings-dag.py took 0.093 seconds
[2023-09-06T20:43:50.073-0300] {processor.py:157} INFO - Started process (PID=8794) to work on /home/dany/airflow/dags/streamings-dag.py
[2023-09-06T20:43:50.075-0300] {processor.py:829} INFO - Processing file /home/dany/airflow/dags/streamings-dag.py for tasks to queue
[2023-09-06T20:43:50.076-0300] {logging_mixin.py:151} INFO - [2023-09-06T20:43:50.076-0300] {dagbag.py:539} INFO - Filling up the DagBag from /home/dany/airflow/dags/streamings-dag.py
[2023-09-06T20:43:50.098-0300] {processor.py:839} INFO - DAG(s) dict_keys(['streamings-dag']) retrieved from /home/dany/airflow/dags/streamings-dag.py
[2023-09-06T20:43:50.124-0300] {logging_mixin.py:151} INFO - [2023-09-06T20:43:50.124-0300] {dag.py:2907} INFO - Sync 1 DAGs
[2023-09-06T20:43:50.146-0300] {logging_mixin.py:151} INFO - [2023-09-06T20:43:50.146-0300] {dag.py:3677} INFO - Setting next_dagrun for streamings-dag to 2023-09-06T20:30:00+00:00, run_after=2023-09-07T20:30:00+00:00
[2023-09-06T20:43:50.172-0300] {processor.py:179} INFO - Processing /home/dany/airflow/dags/streamings-dag.py took 0.104 seconds
[2023-09-06T20:44:20.457-0300] {processor.py:157} INFO - Started process (PID=8803) to work on /home/dany/airflow/dags/streamings-dag.py
[2023-09-06T20:44:20.460-0300] {processor.py:829} INFO - Processing file /home/dany/airflow/dags/streamings-dag.py for tasks to queue
[2023-09-06T20:44:20.465-0300] {logging_mixin.py:151} INFO - [2023-09-06T20:44:20.464-0300] {dagbag.py:539} INFO - Filling up the DagBag from /home/dany/airflow/dags/streamings-dag.py
[2023-09-06T20:44:20.485-0300] {processor.py:839} INFO - DAG(s) dict_keys(['streamings-dag']) retrieved from /home/dany/airflow/dags/streamings-dag.py
[2023-09-06T20:44:20.509-0300] {logging_mixin.py:151} INFO - [2023-09-06T20:44:20.508-0300] {dag.py:2907} INFO - Sync 1 DAGs
[2023-09-06T20:44:20.530-0300] {logging_mixin.py:151} INFO - [2023-09-06T20:44:20.530-0300] {dag.py:3677} INFO - Setting next_dagrun for streamings-dag to 2023-09-06T20:30:00+00:00, run_after=2023-09-07T20:30:00+00:00
[2023-09-06T20:44:20.555-0300] {processor.py:179} INFO - Processing /home/dany/airflow/dags/streamings-dag.py took 0.104 seconds
[2023-09-06T20:44:50.800-0300] {processor.py:157} INFO - Started process (PID=8809) to work on /home/dany/airflow/dags/streamings-dag.py
[2023-09-06T20:44:50.802-0300] {processor.py:829} INFO - Processing file /home/dany/airflow/dags/streamings-dag.py for tasks to queue
[2023-09-06T20:44:50.803-0300] {logging_mixin.py:151} INFO - [2023-09-06T20:44:50.802-0300] {dagbag.py:539} INFO - Filling up the DagBag from /home/dany/airflow/dags/streamings-dag.py
[2023-09-06T20:44:50.822-0300] {processor.py:839} INFO - DAG(s) dict_keys(['streamings-dag']) retrieved from /home/dany/airflow/dags/streamings-dag.py
[2023-09-06T20:44:50.849-0300] {logging_mixin.py:151} INFO - [2023-09-06T20:44:50.849-0300] {dag.py:2907} INFO - Sync 1 DAGs
[2023-09-06T20:44:50.876-0300] {logging_mixin.py:151} INFO - [2023-09-06T20:44:50.876-0300] {dag.py:3677} INFO - Setting next_dagrun for streamings-dag to 2023-09-06T20:30:00+00:00, run_after=2023-09-07T20:30:00+00:00
[2023-09-06T20:44:50.906-0300] {processor.py:179} INFO - Processing /home/dany/airflow/dags/streamings-dag.py took 0.113 seconds
[2023-09-06T20:45:21.152-0300] {processor.py:157} INFO - Started process (PID=8813) to work on /home/dany/airflow/dags/streamings-dag.py
[2023-09-06T20:45:21.155-0300] {processor.py:829} INFO - Processing file /home/dany/airflow/dags/streamings-dag.py for tasks to queue
[2023-09-06T20:45:21.156-0300] {logging_mixin.py:151} INFO - [2023-09-06T20:45:21.156-0300] {dagbag.py:539} INFO - Filling up the DagBag from /home/dany/airflow/dags/streamings-dag.py
[2023-09-06T20:45:21.174-0300] {processor.py:839} INFO - DAG(s) dict_keys(['streamings-dag']) retrieved from /home/dany/airflow/dags/streamings-dag.py
[2023-09-06T20:45:21.196-0300] {logging_mixin.py:151} INFO - [2023-09-06T20:45:21.196-0300] {dag.py:2907} INFO - Sync 1 DAGs
[2023-09-06T20:45:21.220-0300] {logging_mixin.py:151} INFO - [2023-09-06T20:45:21.220-0300] {dag.py:3677} INFO - Setting next_dagrun for streamings-dag to 2023-09-06T20:30:00+00:00, run_after=2023-09-07T20:30:00+00:00
[2023-09-06T20:45:21.250-0300] {processor.py:179} INFO - Processing /home/dany/airflow/dags/streamings-dag.py took 0.102 seconds
[2023-09-06T20:45:51.543-0300] {processor.py:157} INFO - Started process (PID=8815) to work on /home/dany/airflow/dags/streamings-dag.py
[2023-09-06T20:45:51.545-0300] {processor.py:829} INFO - Processing file /home/dany/airflow/dags/streamings-dag.py for tasks to queue
[2023-09-06T20:45:51.547-0300] {logging_mixin.py:151} INFO - [2023-09-06T20:45:51.546-0300] {dagbag.py:539} INFO - Filling up the DagBag from /home/dany/airflow/dags/streamings-dag.py
[2023-09-06T20:45:51.567-0300] {processor.py:839} INFO - DAG(s) dict_keys(['streamings-dag']) retrieved from /home/dany/airflow/dags/streamings-dag.py
[2023-09-06T20:45:51.588-0300] {logging_mixin.py:151} INFO - [2023-09-06T20:45:51.588-0300] {dag.py:2907} INFO - Sync 1 DAGs
[2023-09-06T20:45:51.606-0300] {logging_mixin.py:151} INFO - [2023-09-06T20:45:51.606-0300] {dag.py:3677} INFO - Setting next_dagrun for streamings-dag to 2023-09-06T20:30:00+00:00, run_after=2023-09-07T20:30:00+00:00
[2023-09-06T20:45:51.629-0300] {processor.py:179} INFO - Processing /home/dany/airflow/dags/streamings-dag.py took 0.091 seconds
[2023-09-06T20:46:21.780-0300] {processor.py:157} INFO - Started process (PID=8819) to work on /home/dany/airflow/dags/streamings-dag.py
[2023-09-06T20:46:21.782-0300] {processor.py:829} INFO - Processing file /home/dany/airflow/dags/streamings-dag.py for tasks to queue
[2023-09-06T20:46:21.784-0300] {logging_mixin.py:151} INFO - [2023-09-06T20:46:21.783-0300] {dagbag.py:539} INFO - Filling up the DagBag from /home/dany/airflow/dags/streamings-dag.py
[2023-09-06T20:46:21.803-0300] {processor.py:839} INFO - DAG(s) dict_keys(['streamings-dag']) retrieved from /home/dany/airflow/dags/streamings-dag.py
[2023-09-06T20:46:21.822-0300] {logging_mixin.py:151} INFO - [2023-09-06T20:46:21.822-0300] {dag.py:2907} INFO - Sync 1 DAGs
[2023-09-06T20:46:21.846-0300] {logging_mixin.py:151} INFO - [2023-09-06T20:46:21.846-0300] {dag.py:3677} INFO - Setting next_dagrun for streamings-dag to 2023-09-06T20:30:00+00:00, run_after=2023-09-07T20:30:00+00:00
[2023-09-06T20:46:21.870-0300] {processor.py:179} INFO - Processing /home/dany/airflow/dags/streamings-dag.py took 0.094 seconds
[2023-09-06T20:46:52.040-0300] {processor.py:157} INFO - Started process (PID=8821) to work on /home/dany/airflow/dags/streamings-dag.py
[2023-09-06T20:46:52.041-0300] {processor.py:829} INFO - Processing file /home/dany/airflow/dags/streamings-dag.py for tasks to queue
[2023-09-06T20:46:52.042-0300] {logging_mixin.py:151} INFO - [2023-09-06T20:46:52.041-0300] {dagbag.py:539} INFO - Filling up the DagBag from /home/dany/airflow/dags/streamings-dag.py
[2023-09-06T20:46:52.057-0300] {processor.py:839} INFO - DAG(s) dict_keys(['streamings-dag']) retrieved from /home/dany/airflow/dags/streamings-dag.py
[2023-09-06T20:46:52.076-0300] {logging_mixin.py:151} INFO - [2023-09-06T20:46:52.076-0300] {dag.py:2907} INFO - Sync 1 DAGs
[2023-09-06T20:46:52.097-0300] {logging_mixin.py:151} INFO - [2023-09-06T20:46:52.097-0300] {dag.py:3677} INFO - Setting next_dagrun for streamings-dag to 2023-09-06T20:30:00+00:00, run_after=2023-09-07T20:30:00+00:00
[2023-09-06T20:46:52.119-0300] {processor.py:179} INFO - Processing /home/dany/airflow/dags/streamings-dag.py took 0.083 seconds
[2023-09-06T20:47:22.228-0300] {processor.py:157} INFO - Started process (PID=8823) to work on /home/dany/airflow/dags/streamings-dag.py
[2023-09-06T20:47:22.229-0300] {processor.py:829} INFO - Processing file /home/dany/airflow/dags/streamings-dag.py for tasks to queue
[2023-09-06T20:47:22.231-0300] {logging_mixin.py:151} INFO - [2023-09-06T20:47:22.230-0300] {dagbag.py:539} INFO - Filling up the DagBag from /home/dany/airflow/dags/streamings-dag.py
[2023-09-06T20:47:22.260-0300] {processor.py:839} INFO - DAG(s) dict_keys(['streamings-dag']) retrieved from /home/dany/airflow/dags/streamings-dag.py
[2023-09-06T20:47:22.278-0300] {logging_mixin.py:151} INFO - [2023-09-06T20:47:22.278-0300] {dag.py:2907} INFO - Sync 1 DAGs
[2023-09-06T20:47:22.296-0300] {logging_mixin.py:151} INFO - [2023-09-06T20:47:22.296-0300] {dag.py:3677} INFO - Setting next_dagrun for streamings-dag to 2023-09-06T20:30:00+00:00, run_after=2023-09-07T20:30:00+00:00
[2023-09-06T20:47:22.319-0300] {processor.py:179} INFO - Processing /home/dany/airflow/dags/streamings-dag.py took 0.096 seconds
[2023-09-06T20:47:52.558-0300] {processor.py:157} INFO - Started process (PID=8826) to work on /home/dany/airflow/dags/streamings-dag.py
[2023-09-06T20:47:52.560-0300] {processor.py:829} INFO - Processing file /home/dany/airflow/dags/streamings-dag.py for tasks to queue
[2023-09-06T20:47:52.561-0300] {logging_mixin.py:151} INFO - [2023-09-06T20:47:52.561-0300] {dagbag.py:539} INFO - Filling up the DagBag from /home/dany/airflow/dags/streamings-dag.py
[2023-09-06T20:47:52.585-0300] {processor.py:839} INFO - DAG(s) dict_keys(['streamings-dag']) retrieved from /home/dany/airflow/dags/streamings-dag.py
[2023-09-06T20:47:52.606-0300] {logging_mixin.py:151} INFO - [2023-09-06T20:47:52.605-0300] {dag.py:2907} INFO - Sync 1 DAGs
[2023-09-06T20:47:52.623-0300] {logging_mixin.py:151} INFO - [2023-09-06T20:47:52.622-0300] {dag.py:3677} INFO - Setting next_dagrun for streamings-dag to 2023-09-06T20:30:00+00:00, run_after=2023-09-07T20:30:00+00:00
[2023-09-06T20:47:52.646-0300] {processor.py:179} INFO - Processing /home/dany/airflow/dags/streamings-dag.py took 0.094 seconds
[2023-09-06T20:48:22.814-0300] {processor.py:157} INFO - Started process (PID=8828) to work on /home/dany/airflow/dags/streamings-dag.py
[2023-09-06T20:48:22.816-0300] {processor.py:829} INFO - Processing file /home/dany/airflow/dags/streamings-dag.py for tasks to queue
[2023-09-06T20:48:22.817-0300] {logging_mixin.py:151} INFO - [2023-09-06T20:48:22.816-0300] {dagbag.py:539} INFO - Filling up the DagBag from /home/dany/airflow/dags/streamings-dag.py
[2023-09-06T20:48:22.838-0300] {processor.py:839} INFO - DAG(s) dict_keys(['streamings-dag']) retrieved from /home/dany/airflow/dags/streamings-dag.py
[2023-09-06T20:48:22.857-0300] {logging_mixin.py:151} INFO - [2023-09-06T20:48:22.857-0300] {dag.py:2907} INFO - Sync 1 DAGs
[2023-09-06T20:48:22.875-0300] {logging_mixin.py:151} INFO - [2023-09-06T20:48:22.875-0300] {dag.py:3677} INFO - Setting next_dagrun for streamings-dag to 2023-09-06T20:30:00+00:00, run_after=2023-09-07T20:30:00+00:00
[2023-09-06T20:48:22.900-0300] {processor.py:179} INFO - Processing /home/dany/airflow/dags/streamings-dag.py took 0.094 seconds
[2023-09-06T20:48:53.209-0300] {processor.py:157} INFO - Started process (PID=8829) to work on /home/dany/airflow/dags/streamings-dag.py
[2023-09-06T20:48:53.212-0300] {processor.py:829} INFO - Processing file /home/dany/airflow/dags/streamings-dag.py for tasks to queue
[2023-09-06T20:48:53.213-0300] {logging_mixin.py:151} INFO - [2023-09-06T20:48:53.213-0300] {dagbag.py:539} INFO - Filling up the DagBag from /home/dany/airflow/dags/streamings-dag.py
[2023-09-06T20:48:53.236-0300] {processor.py:839} INFO - DAG(s) dict_keys(['streamings-dag']) retrieved from /home/dany/airflow/dags/streamings-dag.py
[2023-09-06T20:48:53.257-0300] {logging_mixin.py:151} INFO - [2023-09-06T20:48:53.257-0300] {dag.py:2907} INFO - Sync 1 DAGs
[2023-09-06T20:48:53.276-0300] {logging_mixin.py:151} INFO - [2023-09-06T20:48:53.276-0300] {dag.py:3677} INFO - Setting next_dagrun for streamings-dag to 2023-09-06T20:30:00+00:00, run_after=2023-09-07T20:30:00+00:00
[2023-09-06T20:48:53.303-0300] {processor.py:179} INFO - Processing /home/dany/airflow/dags/streamings-dag.py took 0.102 seconds
[2023-09-06T20:49:23.562-0300] {processor.py:157} INFO - Started process (PID=8831) to work on /home/dany/airflow/dags/streamings-dag.py
[2023-09-06T20:49:23.564-0300] {processor.py:829} INFO - Processing file /home/dany/airflow/dags/streamings-dag.py for tasks to queue
[2023-09-06T20:49:23.565-0300] {logging_mixin.py:151} INFO - [2023-09-06T20:49:23.564-0300] {dagbag.py:539} INFO - Filling up the DagBag from /home/dany/airflow/dags/streamings-dag.py
[2023-09-06T20:49:23.578-0300] {processor.py:839} INFO - DAG(s) dict_keys(['streamings-dag']) retrieved from /home/dany/airflow/dags/streamings-dag.py
[2023-09-06T20:49:23.597-0300] {logging_mixin.py:151} INFO - [2023-09-06T20:49:23.597-0300] {dag.py:2907} INFO - Sync 1 DAGs
[2023-09-06T20:49:23.618-0300] {logging_mixin.py:151} INFO - [2023-09-06T20:49:23.618-0300] {dag.py:3677} INFO - Setting next_dagrun for streamings-dag to 2023-09-06T20:30:00+00:00, run_after=2023-09-07T20:30:00+00:00
[2023-09-06T20:49:23.646-0300] {processor.py:179} INFO - Processing /home/dany/airflow/dags/streamings-dag.py took 0.087 seconds
[2023-09-06T20:49:53.831-0300] {processor.py:157} INFO - Started process (PID=8832) to work on /home/dany/airflow/dags/streamings-dag.py
[2023-09-06T20:49:53.834-0300] {processor.py:829} INFO - Processing file /home/dany/airflow/dags/streamings-dag.py for tasks to queue
[2023-09-06T20:49:53.836-0300] {logging_mixin.py:151} INFO - [2023-09-06T20:49:53.835-0300] {dagbag.py:539} INFO - Filling up the DagBag from /home/dany/airflow/dags/streamings-dag.py
[2023-09-06T20:49:53.856-0300] {processor.py:839} INFO - DAG(s) dict_keys(['streamings-dag']) retrieved from /home/dany/airflow/dags/streamings-dag.py
[2023-09-06T20:49:53.876-0300] {logging_mixin.py:151} INFO - [2023-09-06T20:49:53.876-0300] {dag.py:2907} INFO - Sync 1 DAGs
[2023-09-06T20:49:53.894-0300] {logging_mixin.py:151} INFO - [2023-09-06T20:49:53.894-0300] {dag.py:3677} INFO - Setting next_dagrun for streamings-dag to 2023-09-06T20:30:00+00:00, run_after=2023-09-07T20:30:00+00:00
[2023-09-06T20:49:53.916-0300] {processor.py:179} INFO - Processing /home/dany/airflow/dags/streamings-dag.py took 0.091 seconds
[2023-09-06T20:50:24.095-0300] {processor.py:157} INFO - Started process (PID=8835) to work on /home/dany/airflow/dags/streamings-dag.py
[2023-09-06T20:50:24.097-0300] {processor.py:829} INFO - Processing file /home/dany/airflow/dags/streamings-dag.py for tasks to queue
[2023-09-06T20:50:24.099-0300] {logging_mixin.py:151} INFO - [2023-09-06T20:50:24.099-0300] {dagbag.py:539} INFO - Filling up the DagBag from /home/dany/airflow/dags/streamings-dag.py
[2023-09-06T20:50:24.120-0300] {processor.py:839} INFO - DAG(s) dict_keys(['streamings-dag']) retrieved from /home/dany/airflow/dags/streamings-dag.py
[2023-09-06T20:50:24.140-0300] {logging_mixin.py:151} INFO - [2023-09-06T20:50:24.140-0300] {dag.py:2907} INFO - Sync 1 DAGs
[2023-09-06T20:50:24.157-0300] {logging_mixin.py:151} INFO - [2023-09-06T20:50:24.157-0300] {dag.py:3677} INFO - Setting next_dagrun for streamings-dag to 2023-09-06T20:30:00+00:00, run_after=2023-09-07T20:30:00+00:00
[2023-09-06T20:50:24.186-0300] {processor.py:179} INFO - Processing /home/dany/airflow/dags/streamings-dag.py took 0.099 seconds
[2023-09-06T20:50:54.469-0300] {processor.py:157} INFO - Started process (PID=8839) to work on /home/dany/airflow/dags/streamings-dag.py
[2023-09-06T20:50:54.471-0300] {processor.py:829} INFO - Processing file /home/dany/airflow/dags/streamings-dag.py for tasks to queue
[2023-09-06T20:50:54.472-0300] {logging_mixin.py:151} INFO - [2023-09-06T20:50:54.472-0300] {dagbag.py:539} INFO - Filling up the DagBag from /home/dany/airflow/dags/streamings-dag.py
[2023-09-06T20:50:54.491-0300] {processor.py:839} INFO - DAG(s) dict_keys(['streamings-dag']) retrieved from /home/dany/airflow/dags/streamings-dag.py
[2023-09-06T20:50:54.514-0300] {logging_mixin.py:151} INFO - [2023-09-06T20:50:54.514-0300] {dag.py:2907} INFO - Sync 1 DAGs
[2023-09-06T20:50:54.532-0300] {logging_mixin.py:151} INFO - [2023-09-06T20:50:54.532-0300] {dag.py:3677} INFO - Setting next_dagrun for streamings-dag to 2023-09-06T20:30:00+00:00, run_after=2023-09-07T20:30:00+00:00
[2023-09-06T20:50:54.568-0300] {processor.py:179} INFO - Processing /home/dany/airflow/dags/streamings-dag.py took 0.106 seconds
[2023-09-06T20:51:24.835-0300] {processor.py:157} INFO - Started process (PID=8841) to work on /home/dany/airflow/dags/streamings-dag.py
[2023-09-06T20:51:24.836-0300] {processor.py:829} INFO - Processing file /home/dany/airflow/dags/streamings-dag.py for tasks to queue
[2023-09-06T20:51:24.837-0300] {logging_mixin.py:151} INFO - [2023-09-06T20:51:24.837-0300] {dagbag.py:539} INFO - Filling up the DagBag from /home/dany/airflow/dags/streamings-dag.py
[2023-09-06T20:51:24.852-0300] {processor.py:839} INFO - DAG(s) dict_keys(['streamings-dag']) retrieved from /home/dany/airflow/dags/streamings-dag.py
[2023-09-06T20:51:24.872-0300] {logging_mixin.py:151} INFO - [2023-09-06T20:51:24.872-0300] {dag.py:2907} INFO - Sync 1 DAGs
[2023-09-06T20:51:24.891-0300] {logging_mixin.py:151} INFO - [2023-09-06T20:51:24.891-0300] {dag.py:3677} INFO - Setting next_dagrun for streamings-dag to 2023-09-06T20:30:00+00:00, run_after=2023-09-07T20:30:00+00:00
[2023-09-06T20:51:24.914-0300] {processor.py:179} INFO - Processing /home/dany/airflow/dags/streamings-dag.py took 0.083 seconds
[2023-09-06T20:51:55.070-0300] {processor.py:157} INFO - Started process (PID=8844) to work on /home/dany/airflow/dags/streamings-dag.py
[2023-09-06T20:51:55.073-0300] {processor.py:829} INFO - Processing file /home/dany/airflow/dags/streamings-dag.py for tasks to queue
[2023-09-06T20:51:55.075-0300] {logging_mixin.py:151} INFO - [2023-09-06T20:51:55.074-0300] {dagbag.py:539} INFO - Filling up the DagBag from /home/dany/airflow/dags/streamings-dag.py
[2023-09-06T20:51:55.093-0300] {processor.py:839} INFO - DAG(s) dict_keys(['streamings-dag']) retrieved from /home/dany/airflow/dags/streamings-dag.py
[2023-09-06T20:51:55.114-0300] {logging_mixin.py:151} INFO - [2023-09-06T20:51:55.114-0300] {dag.py:2907} INFO - Sync 1 DAGs
[2023-09-06T20:51:55.133-0300] {logging_mixin.py:151} INFO - [2023-09-06T20:51:55.132-0300] {dag.py:3677} INFO - Setting next_dagrun for streamings-dag to 2023-09-06T20:30:00+00:00, run_after=2023-09-07T20:30:00+00:00
[2023-09-06T20:51:55.154-0300] {processor.py:179} INFO - Processing /home/dany/airflow/dags/streamings-dag.py took 0.088 seconds
[2023-09-06T20:52:25.283-0300] {processor.py:157} INFO - Started process (PID=8846) to work on /home/dany/airflow/dags/streamings-dag.py
[2023-09-06T20:52:25.285-0300] {processor.py:829} INFO - Processing file /home/dany/airflow/dags/streamings-dag.py for tasks to queue
[2023-09-06T20:52:25.286-0300] {logging_mixin.py:151} INFO - [2023-09-06T20:52:25.286-0300] {dagbag.py:539} INFO - Filling up the DagBag from /home/dany/airflow/dags/streamings-dag.py
[2023-09-06T20:52:25.302-0300] {processor.py:839} INFO - DAG(s) dict_keys(['streamings-dag']) retrieved from /home/dany/airflow/dags/streamings-dag.py
[2023-09-06T20:52:25.321-0300] {logging_mixin.py:151} INFO - [2023-09-06T20:52:25.321-0300] {dag.py:2907} INFO - Sync 1 DAGs
[2023-09-06T20:52:25.339-0300] {logging_mixin.py:151} INFO - [2023-09-06T20:52:25.338-0300] {dag.py:3677} INFO - Setting next_dagrun for streamings-dag to 2023-09-06T20:30:00+00:00, run_after=2023-09-07T20:30:00+00:00
[2023-09-06T20:52:25.365-0300] {processor.py:179} INFO - Processing /home/dany/airflow/dags/streamings-dag.py took 0.086 seconds
[2023-09-06T20:52:55.522-0300] {processor.py:157} INFO - Started process (PID=8847) to work on /home/dany/airflow/dags/streamings-dag.py
[2023-09-06T20:52:55.524-0300] {processor.py:829} INFO - Processing file /home/dany/airflow/dags/streamings-dag.py for tasks to queue
[2023-09-06T20:52:55.525-0300] {logging_mixin.py:151} INFO - [2023-09-06T20:52:55.525-0300] {dagbag.py:539} INFO - Filling up the DagBag from /home/dany/airflow/dags/streamings-dag.py
[2023-09-06T20:52:55.544-0300] {processor.py:839} INFO - DAG(s) dict_keys(['streamings-dag']) retrieved from /home/dany/airflow/dags/streamings-dag.py
[2023-09-06T20:52:55.569-0300] {logging_mixin.py:151} INFO - [2023-09-06T20:52:55.569-0300] {dag.py:2907} INFO - Sync 1 DAGs
[2023-09-06T20:52:55.599-0300] {logging_mixin.py:151} INFO - [2023-09-06T20:52:55.598-0300] {dag.py:3677} INFO - Setting next_dagrun for streamings-dag to 2023-09-06T20:30:00+00:00, run_after=2023-09-07T20:30:00+00:00
[2023-09-06T20:52:55.633-0300] {processor.py:179} INFO - Processing /home/dany/airflow/dags/streamings-dag.py took 0.115 seconds
[2023-09-06T20:53:25.855-0300] {processor.py:157} INFO - Started process (PID=8849) to work on /home/dany/airflow/dags/streamings-dag.py
[2023-09-06T20:53:25.856-0300] {processor.py:829} INFO - Processing file /home/dany/airflow/dags/streamings-dag.py for tasks to queue
[2023-09-06T20:53:25.857-0300] {logging_mixin.py:151} INFO - [2023-09-06T20:53:25.857-0300] {dagbag.py:539} INFO - Filling up the DagBag from /home/dany/airflow/dags/streamings-dag.py
[2023-09-06T20:53:25.873-0300] {processor.py:839} INFO - DAG(s) dict_keys(['streamings-dag']) retrieved from /home/dany/airflow/dags/streamings-dag.py
[2023-09-06T20:53:25.891-0300] {logging_mixin.py:151} INFO - [2023-09-06T20:53:25.891-0300] {dag.py:2907} INFO - Sync 1 DAGs
[2023-09-06T20:53:25.911-0300] {logging_mixin.py:151} INFO - [2023-09-06T20:53:25.911-0300] {dag.py:3677} INFO - Setting next_dagrun for streamings-dag to 2023-09-06T20:30:00+00:00, run_after=2023-09-07T20:30:00+00:00
[2023-09-06T20:53:25.932-0300] {processor.py:179} INFO - Processing /home/dany/airflow/dags/streamings-dag.py took 0.081 seconds
[2023-09-06T20:53:56.068-0300] {processor.py:157} INFO - Started process (PID=8850) to work on /home/dany/airflow/dags/streamings-dag.py
[2023-09-06T20:53:56.070-0300] {processor.py:829} INFO - Processing file /home/dany/airflow/dags/streamings-dag.py for tasks to queue
[2023-09-06T20:53:56.071-0300] {logging_mixin.py:151} INFO - [2023-09-06T20:53:56.070-0300] {dagbag.py:539} INFO - Filling up the DagBag from /home/dany/airflow/dags/streamings-dag.py
[2023-09-06T20:53:56.086-0300] {processor.py:839} INFO - DAG(s) dict_keys(['streamings-dag']) retrieved from /home/dany/airflow/dags/streamings-dag.py
[2023-09-06T20:53:56.105-0300] {logging_mixin.py:151} INFO - [2023-09-06T20:53:56.105-0300] {dag.py:2907} INFO - Sync 1 DAGs
[2023-09-06T20:53:56.124-0300] {logging_mixin.py:151} INFO - [2023-09-06T20:53:56.123-0300] {dag.py:3677} INFO - Setting next_dagrun for streamings-dag to 2023-09-06T20:30:00+00:00, run_after=2023-09-07T20:30:00+00:00
[2023-09-06T20:53:56.145-0300] {processor.py:179} INFO - Processing /home/dany/airflow/dags/streamings-dag.py took 0.080 seconds
[2023-09-06T20:54:26.305-0300] {processor.py:157} INFO - Started process (PID=8852) to work on /home/dany/airflow/dags/streamings-dag.py
[2023-09-06T20:54:26.307-0300] {processor.py:829} INFO - Processing file /home/dany/airflow/dags/streamings-dag.py for tasks to queue
[2023-09-06T20:54:26.308-0300] {logging_mixin.py:151} INFO - [2023-09-06T20:54:26.308-0300] {dagbag.py:539} INFO - Filling up the DagBag from /home/dany/airflow/dags/streamings-dag.py
[2023-09-06T20:54:26.327-0300] {processor.py:839} INFO - DAG(s) dict_keys(['streamings-dag']) retrieved from /home/dany/airflow/dags/streamings-dag.py
[2023-09-06T20:54:26.348-0300] {logging_mixin.py:151} INFO - [2023-09-06T20:54:26.347-0300] {dag.py:2907} INFO - Sync 1 DAGs
[2023-09-06T20:54:26.367-0300] {logging_mixin.py:151} INFO - [2023-09-06T20:54:26.367-0300] {dag.py:3677} INFO - Setting next_dagrun for streamings-dag to 2023-09-06T20:30:00+00:00, run_after=2023-09-07T20:30:00+00:00
[2023-09-06T20:54:26.391-0300] {processor.py:179} INFO - Processing /home/dany/airflow/dags/streamings-dag.py took 0.090 seconds
[2023-09-06T20:54:56.548-0300] {processor.py:157} INFO - Started process (PID=8856) to work on /home/dany/airflow/dags/streamings-dag.py
[2023-09-06T20:54:56.550-0300] {processor.py:829} INFO - Processing file /home/dany/airflow/dags/streamings-dag.py for tasks to queue
[2023-09-06T20:54:56.551-0300] {logging_mixin.py:151} INFO - [2023-09-06T20:54:56.551-0300] {dagbag.py:539} INFO - Filling up the DagBag from /home/dany/airflow/dags/streamings-dag.py
[2023-09-06T20:54:56.569-0300] {processor.py:839} INFO - DAG(s) dict_keys(['streamings-dag']) retrieved from /home/dany/airflow/dags/streamings-dag.py
[2023-09-06T20:54:56.590-0300] {logging_mixin.py:151} INFO - [2023-09-06T20:54:56.589-0300] {dag.py:2907} INFO - Sync 1 DAGs
[2023-09-06T20:54:56.610-0300] {logging_mixin.py:151} INFO - [2023-09-06T20:54:56.610-0300] {dag.py:3677} INFO - Setting next_dagrun for streamings-dag to 2023-09-06T20:30:00+00:00, run_after=2023-09-07T20:30:00+00:00
[2023-09-06T20:54:56.636-0300] {processor.py:179} INFO - Processing /home/dany/airflow/dags/streamings-dag.py took 0.093 seconds
[2023-09-06T20:55:26.783-0300] {processor.py:157} INFO - Started process (PID=8861) to work on /home/dany/airflow/dags/streamings-dag.py
[2023-09-06T20:55:26.785-0300] {processor.py:829} INFO - Processing file /home/dany/airflow/dags/streamings-dag.py for tasks to queue
[2023-09-06T20:55:26.787-0300] {logging_mixin.py:151} INFO - [2023-09-06T20:55:26.787-0300] {dagbag.py:539} INFO - Filling up the DagBag from /home/dany/airflow/dags/streamings-dag.py
[2023-09-06T20:55:26.806-0300] {processor.py:839} INFO - DAG(s) dict_keys(['streamings-dag']) retrieved from /home/dany/airflow/dags/streamings-dag.py
[2023-09-06T20:55:26.826-0300] {logging_mixin.py:151} INFO - [2023-09-06T20:55:26.825-0300] {dag.py:2907} INFO - Sync 1 DAGs
[2023-09-06T20:55:26.844-0300] {logging_mixin.py:151} INFO - [2023-09-06T20:55:26.844-0300] {dag.py:3677} INFO - Setting next_dagrun for streamings-dag to 2023-09-06T20:30:00+00:00, run_after=2023-09-07T20:30:00+00:00
[2023-09-06T20:55:26.871-0300] {processor.py:179} INFO - Processing /home/dany/airflow/dags/streamings-dag.py took 0.095 seconds
[2023-09-06T20:55:57.115-0300] {processor.py:157} INFO - Started process (PID=8865) to work on /home/dany/airflow/dags/streamings-dag.py
[2023-09-06T20:55:57.116-0300] {processor.py:829} INFO - Processing file /home/dany/airflow/dags/streamings-dag.py for tasks to queue
[2023-09-06T20:55:57.117-0300] {logging_mixin.py:151} INFO - [2023-09-06T20:55:57.117-0300] {dagbag.py:539} INFO - Filling up the DagBag from /home/dany/airflow/dags/streamings-dag.py
[2023-09-06T20:55:57.132-0300] {processor.py:839} INFO - DAG(s) dict_keys(['streamings-dag']) retrieved from /home/dany/airflow/dags/streamings-dag.py
[2023-09-06T20:55:57.150-0300] {logging_mixin.py:151} INFO - [2023-09-06T20:55:57.150-0300] {dag.py:2907} INFO - Sync 1 DAGs
[2023-09-06T20:55:57.168-0300] {logging_mixin.py:151} INFO - [2023-09-06T20:55:57.168-0300] {dag.py:3677} INFO - Setting next_dagrun for streamings-dag to 2023-09-06T20:30:00+00:00, run_after=2023-09-07T20:30:00+00:00
[2023-09-06T20:55:57.195-0300] {processor.py:179} INFO - Processing /home/dany/airflow/dags/streamings-dag.py took 0.083 seconds
[2023-09-06T20:56:27.337-0300] {processor.py:157} INFO - Started process (PID=8867) to work on /home/dany/airflow/dags/streamings-dag.py
[2023-09-06T20:56:27.339-0300] {processor.py:829} INFO - Processing file /home/dany/airflow/dags/streamings-dag.py for tasks to queue
[2023-09-06T20:56:27.340-0300] {logging_mixin.py:151} INFO - [2023-09-06T20:56:27.340-0300] {dagbag.py:539} INFO - Filling up the DagBag from /home/dany/airflow/dags/streamings-dag.py
[2023-09-06T20:56:27.361-0300] {processor.py:839} INFO - DAG(s) dict_keys(['streamings-dag']) retrieved from /home/dany/airflow/dags/streamings-dag.py
[2023-09-06T20:56:27.382-0300] {logging_mixin.py:151} INFO - [2023-09-06T20:56:27.381-0300] {dag.py:2907} INFO - Sync 1 DAGs
[2023-09-06T20:56:27.399-0300] {logging_mixin.py:151} INFO - [2023-09-06T20:56:27.399-0300] {dag.py:3677} INFO - Setting next_dagrun for streamings-dag to 2023-09-06T20:30:00+00:00, run_after=2023-09-07T20:30:00+00:00
[2023-09-06T20:56:27.423-0300] {processor.py:179} INFO - Processing /home/dany/airflow/dags/streamings-dag.py took 0.090 seconds
[2023-09-06T20:56:57.574-0300] {processor.py:157} INFO - Started process (PID=8868) to work on /home/dany/airflow/dags/streamings-dag.py
[2023-09-06T20:56:57.575-0300] {processor.py:829} INFO - Processing file /home/dany/airflow/dags/streamings-dag.py for tasks to queue
[2023-09-06T20:56:57.577-0300] {logging_mixin.py:151} INFO - [2023-09-06T20:56:57.576-0300] {dagbag.py:539} INFO - Filling up the DagBag from /home/dany/airflow/dags/streamings-dag.py
[2023-09-06T20:56:57.594-0300] {processor.py:839} INFO - DAG(s) dict_keys(['streamings-dag']) retrieved from /home/dany/airflow/dags/streamings-dag.py
[2023-09-06T20:56:57.612-0300] {logging_mixin.py:151} INFO - [2023-09-06T20:56:57.612-0300] {dag.py:2907} INFO - Sync 1 DAGs
[2023-09-06T20:56:57.632-0300] {logging_mixin.py:151} INFO - [2023-09-06T20:56:57.632-0300] {dag.py:3677} INFO - Setting next_dagrun for streamings-dag to 2023-09-06T20:30:00+00:00, run_after=2023-09-07T20:30:00+00:00
[2023-09-06T20:56:57.654-0300] {processor.py:179} INFO - Processing /home/dany/airflow/dags/streamings-dag.py took 0.084 seconds
[2023-09-06T20:57:27.824-0300] {processor.py:157} INFO - Started process (PID=8893) to work on /home/dany/airflow/dags/streamings-dag.py
[2023-09-06T20:57:27.828-0300] {processor.py:829} INFO - Processing file /home/dany/airflow/dags/streamings-dag.py for tasks to queue
[2023-09-06T20:57:27.830-0300] {logging_mixin.py:151} INFO - [2023-09-06T20:57:27.829-0300] {dagbag.py:539} INFO - Filling up the DagBag from /home/dany/airflow/dags/streamings-dag.py
[2023-09-06T20:57:27.848-0300] {processor.py:839} INFO - DAG(s) dict_keys(['streamings-dag']) retrieved from /home/dany/airflow/dags/streamings-dag.py
[2023-09-06T20:57:27.868-0300] {logging_mixin.py:151} INFO - [2023-09-06T20:57:27.867-0300] {dag.py:2907} INFO - Sync 1 DAGs
[2023-09-06T20:57:27.888-0300] {logging_mixin.py:151} INFO - [2023-09-06T20:57:27.888-0300] {dag.py:3677} INFO - Setting next_dagrun for streamings-dag to 2023-09-06T20:30:00+00:00, run_after=2023-09-07T20:30:00+00:00
[2023-09-06T20:57:27.915-0300] {processor.py:179} INFO - Processing /home/dany/airflow/dags/streamings-dag.py took 0.096 seconds
[2023-09-06T20:57:58.066-0300] {processor.py:157} INFO - Started process (PID=8894) to work on /home/dany/airflow/dags/streamings-dag.py
[2023-09-06T20:57:58.068-0300] {processor.py:829} INFO - Processing file /home/dany/airflow/dags/streamings-dag.py for tasks to queue
[2023-09-06T20:57:58.069-0300] {logging_mixin.py:151} INFO - [2023-09-06T20:57:58.069-0300] {dagbag.py:539} INFO - Filling up the DagBag from /home/dany/airflow/dags/streamings-dag.py
[2023-09-06T20:57:58.091-0300] {processor.py:839} INFO - DAG(s) dict_keys(['streamings-dag']) retrieved from /home/dany/airflow/dags/streamings-dag.py
[2023-09-06T20:57:58.111-0300] {logging_mixin.py:151} INFO - [2023-09-06T20:57:58.111-0300] {dag.py:2907} INFO - Sync 1 DAGs
[2023-09-06T20:57:58.129-0300] {logging_mixin.py:151} INFO - [2023-09-06T20:57:58.129-0300] {dag.py:3677} INFO - Setting next_dagrun for streamings-dag to 2023-09-06T20:30:00+00:00, run_after=2023-09-07T20:30:00+00:00
[2023-09-06T20:57:58.152-0300] {processor.py:179} INFO - Processing /home/dany/airflow/dags/streamings-dag.py took 0.093 seconds
[2023-09-06T20:58:28.406-0300] {processor.py:157} INFO - Started process (PID=8896) to work on /home/dany/airflow/dags/streamings-dag.py
[2023-09-06T20:58:28.407-0300] {processor.py:829} INFO - Processing file /home/dany/airflow/dags/streamings-dag.py for tasks to queue
[2023-09-06T20:58:28.408-0300] {logging_mixin.py:151} INFO - [2023-09-06T20:58:28.408-0300] {dagbag.py:539} INFO - Filling up the DagBag from /home/dany/airflow/dags/streamings-dag.py
[2023-09-06T20:58:28.422-0300] {processor.py:839} INFO - DAG(s) dict_keys(['streamings-dag']) retrieved from /home/dany/airflow/dags/streamings-dag.py
[2023-09-06T20:58:28.445-0300] {logging_mixin.py:151} INFO - [2023-09-06T20:58:28.445-0300] {dag.py:2907} INFO - Sync 1 DAGs
[2023-09-06T20:58:28.467-0300] {logging_mixin.py:151} INFO - [2023-09-06T20:58:28.467-0300] {dag.py:3677} INFO - Setting next_dagrun for streamings-dag to 2023-09-06T20:30:00+00:00, run_after=2023-09-07T20:30:00+00:00
[2023-09-06T20:58:28.494-0300] {processor.py:179} INFO - Processing /home/dany/airflow/dags/streamings-dag.py took 0.092 seconds
[2023-09-06T20:58:58.620-0300] {processor.py:157} INFO - Started process (PID=8897) to work on /home/dany/airflow/dags/streamings-dag.py
[2023-09-06T20:58:58.622-0300] {processor.py:829} INFO - Processing file /home/dany/airflow/dags/streamings-dag.py for tasks to queue
[2023-09-06T20:58:58.623-0300] {logging_mixin.py:151} INFO - [2023-09-06T20:58:58.623-0300] {dagbag.py:539} INFO - Filling up the DagBag from /home/dany/airflow/dags/streamings-dag.py
[2023-09-06T20:58:58.643-0300] {processor.py:839} INFO - DAG(s) dict_keys(['streamings-dag']) retrieved from /home/dany/airflow/dags/streamings-dag.py
[2023-09-06T20:58:58.665-0300] {logging_mixin.py:151} INFO - [2023-09-06T20:58:58.665-0300] {dag.py:2907} INFO - Sync 1 DAGs
[2023-09-06T20:58:58.684-0300] {logging_mixin.py:151} INFO - [2023-09-06T20:58:58.684-0300] {dag.py:3677} INFO - Setting next_dagrun for streamings-dag to 2023-09-06T20:30:00+00:00, run_after=2023-09-07T20:30:00+00:00
[2023-09-06T20:58:58.712-0300] {processor.py:179} INFO - Processing /home/dany/airflow/dags/streamings-dag.py took 0.098 seconds
[2023-09-06T20:59:28.975-0300] {processor.py:157} INFO - Started process (PID=8900) to work on /home/dany/airflow/dags/streamings-dag.py
[2023-09-06T20:59:28.977-0300] {processor.py:829} INFO - Processing file /home/dany/airflow/dags/streamings-dag.py for tasks to queue
[2023-09-06T20:59:28.978-0300] {logging_mixin.py:151} INFO - [2023-09-06T20:59:28.977-0300] {dagbag.py:539} INFO - Filling up the DagBag from /home/dany/airflow/dags/streamings-dag.py
[2023-09-06T20:59:28.994-0300] {processor.py:839} INFO - DAG(s) dict_keys(['streamings-dag']) retrieved from /home/dany/airflow/dags/streamings-dag.py
[2023-09-06T20:59:29.016-0300] {logging_mixin.py:151} INFO - [2023-09-06T20:59:29.016-0300] {dag.py:2907} INFO - Sync 1 DAGs
[2023-09-06T20:59:29.038-0300] {logging_mixin.py:151} INFO - [2023-09-06T20:59:29.038-0300] {dag.py:3677} INFO - Setting next_dagrun for streamings-dag to 2023-09-06T20:30:00+00:00, run_after=2023-09-07T20:30:00+00:00
[2023-09-06T20:59:29.068-0300] {processor.py:179} INFO - Processing /home/dany/airflow/dags/streamings-dag.py took 0.097 seconds
[2023-09-06T20:59:59.330-0300] {processor.py:157} INFO - Started process (PID=8911) to work on /home/dany/airflow/dags/streamings-dag.py
[2023-09-06T20:59:59.331-0300] {processor.py:829} INFO - Processing file /home/dany/airflow/dags/streamings-dag.py for tasks to queue
[2023-09-06T20:59:59.333-0300] {logging_mixin.py:151} INFO - [2023-09-06T20:59:59.332-0300] {dagbag.py:539} INFO - Filling up the DagBag from /home/dany/airflow/dags/streamings-dag.py
[2023-09-06T20:59:59.355-0300] {processor.py:839} INFO - DAG(s) dict_keys(['streamings-dag']) retrieved from /home/dany/airflow/dags/streamings-dag.py
[2023-09-06T20:59:59.377-0300] {logging_mixin.py:151} INFO - [2023-09-06T20:59:59.377-0300] {dag.py:2907} INFO - Sync 1 DAGs
[2023-09-06T20:59:59.394-0300] {logging_mixin.py:151} INFO - [2023-09-06T20:59:59.394-0300] {dag.py:3677} INFO - Setting next_dagrun for streamings-dag to 2023-09-06T20:30:00+00:00, run_after=2023-09-07T20:30:00+00:00
[2023-09-06T20:59:59.419-0300] {processor.py:179} INFO - Processing /home/dany/airflow/dags/streamings-dag.py took 0.096 seconds
