[2023-09-06T21:03:58.534-0300] {taskinstance.py:1159} INFO - Dependencies all met for dep_context=non-requeueable deps ti=<TaskInstance: streamings-dag.twitter_crawler manual__2023-09-07T00:03:56.705073+00:00 [queued]>
[2023-09-06T21:03:58.540-0300] {taskinstance.py:1159} INFO - Dependencies all met for dep_context=requeueable deps ti=<TaskInstance: streamings-dag.twitter_crawler manual__2023-09-07T00:03:56.705073+00:00 [queued]>
[2023-09-06T21:03:58.540-0300] {taskinstance.py:1361} INFO - Starting attempt 1 of 3
[2023-09-06T21:03:58.558-0300] {taskinstance.py:1382} INFO - Executing <Task(BashOperator): twitter_crawler> on 2023-09-07 00:03:56.705073+00:00
[2023-09-06T21:03:58.560-0300] {standard_task_runner.py:57} INFO - Started process 9412 to run task
[2023-09-06T21:03:58.563-0300] {standard_task_runner.py:84} INFO - Running: ['airflow', 'tasks', 'run', 'streamings-dag', 'twitter_crawler', 'manual__2023-09-07T00:03:56.705073+00:00', '--job-id', '11', '--raw', '--subdir', 'DAGS_FOLDER/streamings-dag.py', '--cfg-path', '/tmp/tmpgwwkdvdu']
[2023-09-06T21:03:58.565-0300] {standard_task_runner.py:85} INFO - Job 11: Subtask twitter_crawler
[2023-09-06T21:03:58.607-0300] {task_command.py:415} INFO - Running <TaskInstance: streamings-dag.twitter_crawler manual__2023-09-07T00:03:56.705073+00:00 [running]> on host dany.
[2023-09-06T21:03:58.673-0300] {taskinstance.py:1660} INFO - Exporting env vars: AIRFLOW_CTX_DAG_EMAIL='danielbcuadros@gmail.com' AIRFLOW_CTX_DAG_OWNER='airflow' AIRFLOW_CTX_DAG_ID='streamings-dag' AIRFLOW_CTX_TASK_ID='twitter_crawler' AIRFLOW_CTX_EXECUTION_DATE='2023-09-07T00:03:56.705073+00:00' AIRFLOW_CTX_TRY_NUMBER='1' AIRFLOW_CTX_DAG_RUN_ID='manual__2023-09-07T00:03:56.705073+00:00'
[2023-09-06T21:03:58.673-0300] {subprocess.py:63} INFO - Tmp dir root location: /tmp
[2023-09-06T21:03:58.674-0300] {subprocess.py:75} INFO - Running command: ['/usr/bin/bash', '-c', '/home/dany/airflow/dags/../../Streaming-insights/venv/bin/python /home/dany/airflow/dags/../../Streaming-insights/etls/twitter-crawler.py']
[2023-09-06T21:03:58.678-0300] {subprocess.py:86} INFO - Output:
[2023-09-06T21:10:34.172-0300] {subprocess.py:93} INFO - 41
[2023-09-06T21:10:34.172-0300] {subprocess.py:93} INFO - 53
[2023-09-06T21:10:34.173-0300] {subprocess.py:93} INFO - Disney Plus concluído com sucesso!
[2023-09-06T21:10:34.173-0300] {subprocess.py:93} INFO - 30
[2023-09-06T21:10:34.173-0300] {subprocess.py:93} INFO - 57
[2023-09-06T21:10:34.173-0300] {subprocess.py:93} INFO - 83
[2023-09-06T21:10:34.173-0300] {subprocess.py:93} INFO - 110
[2023-09-06T21:10:34.173-0300] {subprocess.py:93} INFO - 138
[2023-09-06T21:10:34.173-0300] {subprocess.py:93} INFO - 166
[2023-09-06T21:10:34.173-0300] {subprocess.py:93} INFO - 192
[2023-09-06T21:10:34.173-0300] {subprocess.py:93} INFO - 219
[2023-09-06T21:10:34.173-0300] {subprocess.py:93} INFO - 246
[2023-09-06T21:10:34.173-0300] {subprocess.py:93} INFO - 274
[2023-09-06T21:10:34.173-0300] {subprocess.py:93} INFO - 301
[2023-09-06T21:10:34.173-0300] {subprocess.py:93} INFO - 326
[2023-09-06T21:10:34.173-0300] {subprocess.py:93} INFO - 353
[2023-09-06T21:10:34.174-0300] {subprocess.py:93} INFO - 379
[2023-09-06T21:10:34.174-0300] {subprocess.py:93} INFO - 402
[2023-09-06T21:10:34.174-0300] {subprocess.py:93} INFO - Netflix concluído com sucesso!
[2023-09-06T21:10:34.174-0300] {subprocess.py:93} INFO - 30
[2023-09-06T21:10:34.174-0300] {subprocess.py:93} INFO - 47
[2023-09-06T21:10:34.174-0300] {subprocess.py:93} INFO - 60
[2023-09-06T21:10:34.174-0300] {subprocess.py:93} INFO - HBO Max concluído com sucesso!
[2023-09-06T21:10:34.174-0300] {subprocess.py:93} INFO - 19
[2023-09-06T21:10:34.174-0300] {subprocess.py:93} INFO - 31
[2023-09-06T21:10:34.174-0300] {subprocess.py:93} INFO - Amazon Prime concluído com sucesso!
[2023-09-06T21:10:34.174-0300] {subprocess.py:93} INFO - 30
[2023-09-06T21:10:34.174-0300] {subprocess.py:93} INFO - 55
[2023-09-06T21:10:34.174-0300] {subprocess.py:93} INFO - 69
[2023-09-06T21:10:34.175-0300] {subprocess.py:93} INFO - Prime Video concluído com sucesso!
[2023-09-06T21:10:34.175-0300] {subprocess.py:93} INFO - 16
[2023-09-06T21:10:34.175-0300] {subprocess.py:93} INFO - 26
[2023-09-06T21:10:34.175-0300] {subprocess.py:93} INFO - Apple TV concluído com sucesso!
[2023-09-06T21:10:34.175-0300] {subprocess.py:93} INFO - 31
[2023-09-06T21:10:34.175-0300] {subprocess.py:93} INFO - 56
[2023-09-06T21:10:34.175-0300] {subprocess.py:93} INFO - 72
[2023-09-06T21:10:34.175-0300] {subprocess.py:93} INFO - 85
[2023-09-06T21:10:34.175-0300] {subprocess.py:93} INFO - Globoplay concluído com sucesso!
[2023-09-06T21:10:34.175-0300] {subprocess.py:93} INFO - 19
[2023-09-06T21:10:34.175-0300] {subprocess.py:93} INFO - 31
[2023-09-06T21:10:34.175-0300] {subprocess.py:93} INFO - Star Plus concluído com sucesso!
[2023-09-06T21:10:34.202-0300] {subprocess.py:97} INFO - Command exited with return code 0
[2023-09-06T21:10:34.247-0300] {taskinstance.py:1400} INFO - Marking task as SUCCESS. dag_id=streamings-dag, task_id=twitter_crawler, execution_date=20230907T000356, start_date=20230907T000358, end_date=20230907T001034
[2023-09-06T21:10:34.299-0300] {local_task_job_runner.py:228} INFO - Task exited with return code 0
[2023-09-06T21:10:34.319-0300] {taskinstance.py:2784} INFO - 1 downstream tasks scheduled from follow-on schedule check
